{"/home/charles/Documents/Teach2Give/DrizzleORM/src/index.ts": {"path":"/home/charles/Documents/Teach2Give/DrizzleORM/src/index.ts","statementMap":{"0":{"start":{"line":1,"column":0},"end":{"line":1,"column":30}},"1":{"start":{"line":2,"column":0},"end":{"line":2,"column":50}},"2":{"start":{"line":3,"column":0},"end":{"line":3,"column":35}},"3":{"start":{"line":4,"column":0},"end":{"line":4,"column":47}},"4":{"start":{"line":5,"column":0},"end":{"line":5,"column":47}},"5":{"start":{"line":6,"column":0},"end":{"line":6,"column":50}},"6":{"start":{"line":7,"column":0},"end":{"line":7,"column":53}},"7":{"start":{"line":8,"column":0},"end":{"line":8,"column":59}},"8":{"start":{"line":9,"column":0},"end":{"line":9,"column":59}},"9":{"start":{"line":12,"column":22},"end":{"line":33,"column":1}},"10":{"start":{"line":13,"column":12},"end":{"line":13,"column":21}},"11":{"start":{"line":16,"column":0},"end":{"line":16,"column":24}},"12":{"start":{"line":19,"column":0},"end":{"line":19,"column":14}},"13":{"start":{"line":20,"column":0},"end":{"line":20,"column":9}},"14":{"start":{"line":21,"column":0},"end":{"line":21,"column":13}},"15":{"start":{"line":22,"column":0},"end":{"line":22,"column":13}},"16":{"start":{"line":23,"column":0},"end":{"line":23,"column":14}},"17":{"start":{"line":24,"column":0},"end":{"line":24,"column":15}},"18":{"start":{"line":25,"column":0},"end":{"line":25,"column":17}},"19":{"start":{"line":26,"column":0},"end":{"line":26,"column":17}},"20":{"start":{"line":27,"column":0},"end":{"line":30,"column":null}},"21":{"start":{"line":28,"column":4},"end":{"line":28,"column":46}},"22":{"start":{"line":31,"column":0},"end":{"line":31,"column":null}},"23":{"start":{"line":34,"column":12},"end":{"line":34,"column":27}},"24":{"start":{"line":35,"column":0},"end":{"line":35,"column":19}}},"fnMap":{"0":{"name":"(anonymous_1)","decl":{"start":{"line":12,"column":22},"end":{"line":12,"column":24}},"loc":{"start":{"line":12,"column":26},"end":{"line":33,"column":1}}},"1":{"name":"(anonymous_2)","decl":{"start":{"line":27,"column":13},"end":{"line":27,"column":14}},"loc":{"start":{"line":27,"column":26},"end":{"line":29,"column":1}}}},"branchMap":{},"s":{"0":1,"1":1,"2":1,"3":1,"4":1,"5":1,"6":1,"7":1,"8":1,"9":1,"10":1,"11":1,"12":1,"13":1,"14":1,"15":1,"16":1,"17":1,"18":1,"19":1,"20":1,"21":0,"22":1,"23":1,"24":1},"f":{"0":1,"1":0},"b":{}}
,"/home/charles/Documents/Teach2Give/DrizzleORM/src/booking/booking.controller.ts": {"path":"/home/charles/Documents/Teach2Give/DrizzleORM/src/booking/booking.controller.ts","statementMap":{"0":{"start":{"line":2,"column":0},"end":{"line":2,"column":170}},"1":{"start":{"line":6,"column":39},"end":{"line":25,"column":4}},"2":{"start":{"line":7,"column":3},"end":{"line":23,"column":5}},"3":{"start":{"line":8,"column":20},"end":{"line":8,"column":28}},"4":{"start":{"line":9,"column":26},"end":{"line":9,"column":61}},"5":{"start":{"line":10,"column":4},"end":{"line":11,"column":77}},"6":{"start":{"line":11,"column":8},"end":{"line":11,"column":77}},"7":{"start":{"line":12,"column":8},"end":{"line":15,"column":11}},"8":{"start":{"line":20,"column":8},"end":{"line":22,"column":11}},"9":{"start":{"line":6,"column":13},"end":{"line":6,"column":39}},"10":{"start":{"line":27,"column":37},"end":{"line":37,"column":1}},"11":{"start":{"line":28,"column":4},"end":{"line":36,"column":5}},"12":{"start":{"line":29,"column":25},"end":{"line":29,"column":51}},"13":{"start":{"line":30,"column":8},"end":{"line":32,"column":9}},"14":{"start":{"line":31,"column":12},"end":{"line":31,"column":74}},"15":{"start":{"line":33,"column":8},"end":{"line":33,"column":94}},"16":{"start":{"line":35,"column":8},"end":{"line":35,"column":96}},"17":{"start":{"line":27,"column":13},"end":{"line":27,"column":37}},"18":{"start":{"line":39,"column":40},"end":{"line":53,"column":1}},"19":{"start":{"line":40,"column":4},"end":{"line":52,"column":5}},"20":{"start":{"line":41,"column":19},"end":{"line":41,"column":42}},"21":{"start":{"line":42,"column":8},"end":{"line":44,"column":9}},"22":{"start":{"line":43,"column":12},"end":{"line":43,"column":75}},"23":{"start":{"line":45,"column":24},"end":{"line":45,"column":55}},"24":{"start":{"line":46,"column":8},"end":{"line":48,"column":9}},"25":{"start":{"line":47,"column":12},"end":{"line":47,"column":74}},"26":{"start":{"line":49,"column":8},"end":{"line":49,"column":92}},"27":{"start":{"line":51,"column":8},"end":{"line":51,"column":96}},"28":{"start":{"line":39,"column":13},"end":{"line":39,"column":40}},"29":{"start":{"line":56,"column":48},"end":{"line":70,"column":1}},"30":{"start":{"line":57,"column":4},"end":{"line":69,"column":5}},"31":{"start":{"line":58,"column":27},"end":{"line":58,"column":58}},"32":{"start":{"line":59,"column":8},"end":{"line":61,"column":9}},"33":{"start":{"line":60,"column":12},"end":{"line":60,"column":76}},"34":{"start":{"line":62,"column":25},"end":{"line":62,"column":72}},"35":{"start":{"line":63,"column":8},"end":{"line":65,"column":9}},"36":{"start":{"line":64,"column":12},"end":{"line":64,"column":92}},"37":{"start":{"line":66,"column":8},"end":{"line":66,"column":94}},"38":{"start":{"line":68,"column":8},"end":{"line":68,"column":96}},"39":{"start":{"line":56,"column":13},"end":{"line":56,"column":48}},"40":{"start":{"line":72,"column":39},"end":{"line":91,"column":1}},"41":{"start":{"line":73,"column":4},"end":{"line":90,"column":5}},"42":{"start":{"line":74,"column":19},"end":{"line":74,"column":42}},"43":{"start":{"line":75,"column":8},"end":{"line":77,"column":9}},"44":{"start":{"line":76,"column":12},"end":{"line":76,"column":75}},"45":{"start":{"line":78,"column":24},"end":{"line":78,"column":32}},"46":{"start":{"line":79,"column":32},"end":{"line":79,"column":63}},"47":{"start":{"line":80,"column":8},"end":{"line":82,"column":9}},"48":{"start":{"line":81,"column":12},"end":{"line":81,"column":74}},"49":{"start":{"line":83,"column":31},"end":{"line":83,"column":70}},"50":{"start":{"line":84,"column":8},"end":{"line":86,"column":9}},"51":{"start":{"line":85,"column":12},"end":{"line":85,"column":76}},"52":{"start":{"line":87,"column":8},"end":{"line":87,"column":90}},"53":{"start":{"line":89,"column":8},"end":{"line":89,"column":96}},"54":{"start":{"line":72,"column":13},"end":{"line":72,"column":39}},"55":{"start":{"line":94,"column":39},"end":{"line":108,"column":1}},"56":{"start":{"line":95,"column":4},"end":{"line":107,"column":5}},"57":{"start":{"line":96,"column":19},"end":{"line":96,"column":42}},"58":{"start":{"line":97,"column":8},"end":{"line":99,"column":9}},"59":{"start":{"line":98,"column":12},"end":{"line":98,"column":75}},"60":{"start":{"line":100,"column":31},"end":{"line":100,"column":61}},"61":{"start":{"line":101,"column":8},"end":{"line":103,"column":9}},"62":{"start":{"line":102,"column":12},"end":{"line":102,"column":89}},"63":{"start":{"line":104,"column":8},"end":{"line":104,"column":81}},"64":{"start":{"line":106,"column":8},"end":{"line":106,"column":96}},"65":{"start":{"line":94,"column":13},"end":{"line":94,"column":39}}},"fnMap":{"0":{"name":"(anonymous_0)","decl":{"start":{"line":6,"column":39},"end":{"line":6,"column":44}},"loc":{"start":{"line":6,"column":77},"end":{"line":25,"column":4}}},"1":{"name":"(anonymous_1)","decl":{"start":{"line":27,"column":37},"end":{"line":27,"column":42}},"loc":{"start":{"line":27,"column":75},"end":{"line":37,"column":1}}},"2":{"name":"(anonymous_2)","decl":{"start":{"line":39,"column":40},"end":{"line":39,"column":45}},"loc":{"start":{"line":39,"column":78},"end":{"line":53,"column":1}}},"3":{"name":"(anonymous_3)","decl":{"start":{"line":56,"column":48},"end":{"line":56,"column":53}},"loc":{"start":{"line":56,"column":86},"end":{"line":70,"column":1}}},"4":{"name":"(anonymous_4)","decl":{"start":{"line":72,"column":39},"end":{"line":72,"column":44}},"loc":{"start":{"line":72,"column":77},"end":{"line":91,"column":1}}},"5":{"name":"(anonymous_5)","decl":{"start":{"line":94,"column":39},"end":{"line":94,"column":44}},"loc":{"start":{"line":94,"column":77},"end":{"line":108,"column":1}}}},"branchMap":{"0":{"loc":{"start":{"line":10,"column":4},"end":{"line":11,"column":77}},"type":"if","locations":[{"start":{"line":10,"column":4},"end":{"line":11,"column":77}}]},"1":{"loc":{"start":{"line":30,"column":8},"end":{"line":32,"column":9}},"type":"if","locations":[{"start":{"line":30,"column":8},"end":{"line":32,"column":9}}]},"2":{"loc":{"start":{"line":30,"column":12},"end":{"line":30,"column":46}},"type":"binary-expr","locations":[{"start":{"line":30,"column":12},"end":{"line":30,"column":21}},{"start":{"line":30,"column":25},"end":{"line":30,"column":46}}]},"3":{"loc":{"start":{"line":42,"column":8},"end":{"line":44,"column":9}},"type":"if","locations":[{"start":{"line":42,"column":8},"end":{"line":44,"column":9}}]},"4":{"loc":{"start":{"line":46,"column":8},"end":{"line":48,"column":9}},"type":"if","locations":[{"start":{"line":46,"column":8},"end":{"line":48,"column":9}}]},"5":{"loc":{"start":{"line":59,"column":8},"end":{"line":61,"column":9}},"type":"if","locations":[{"start":{"line":59,"column":8},"end":{"line":61,"column":9}}]},"6":{"loc":{"start":{"line":63,"column":8},"end":{"line":65,"column":9}},"type":"if","locations":[{"start":{"line":63,"column":8},"end":{"line":65,"column":9}}]},"7":{"loc":{"start":{"line":63,"column":12},"end":{"line":63,"column":46}},"type":"binary-expr","locations":[{"start":{"line":63,"column":12},"end":{"line":63,"column":21}},{"start":{"line":63,"column":25},"end":{"line":63,"column":46}}]},"8":{"loc":{"start":{"line":75,"column":8},"end":{"line":77,"column":9}},"type":"if","locations":[{"start":{"line":75,"column":8},"end":{"line":77,"column":9}}]},"9":{"loc":{"start":{"line":80,"column":8},"end":{"line":82,"column":9}},"type":"if","locations":[{"start":{"line":80,"column":8},"end":{"line":82,"column":9}}]},"10":{"loc":{"start":{"line":84,"column":8},"end":{"line":86,"column":9}},"type":"if","locations":[{"start":{"line":84,"column":8},"end":{"line":86,"column":9}}]},"11":{"loc":{"start":{"line":97,"column":8},"end":{"line":99,"column":9}},"type":"if","locations":[{"start":{"line":97,"column":8},"end":{"line":99,"column":9}}]},"12":{"loc":{"start":{"line":101,"column":8},"end":{"line":103,"column":9}},"type":"if","locations":[{"start":{"line":101,"column":8},"end":{"line":103,"column":9}}]}},"s":{"0":1,"1":1,"2":0,"3":0,"4":0,"5":0,"6":0,"7":0,"8":0,"9":1,"10":1,"11":0,"12":0,"13":0,"14":0,"15":0,"16":0,"17":1,"18":1,"19":0,"20":0,"21":0,"22":0,"23":0,"24":0,"25":0,"26":0,"27":0,"28":1,"29":1,"30":0,"31":0,"32":0,"33":0,"34":0,"35":0,"36":0,"37":0,"38":0,"39":1,"40":1,"41":0,"42":0,"43":0,"44":0,"45":0,"46":0,"47":0,"48":0,"49":0,"50":0,"51":0,"52":0,"53":0,"54":1,"55":1,"56":0,"57":0,"58":0,"59":0,"60":0,"61":0,"62":0,"63":0,"64":0,"65":1},"f":{"0":0,"1":0,"2":0,"3":0,"4":0,"5":0},"b":{"0":[0],"1":[0],"2":[0,0],"3":[0],"4":[0],"5":[0],"6":[0],"7":[0,0],"8":[0],"9":[0],"10":[0],"11":[0],"12":[0]}}
,"/home/charles/Documents/Teach2Give/DrizzleORM/src/booking/booking.router.ts": {"path":"/home/charles/Documents/Teach2Give/DrizzleORM/src/booking/booking.router.ts","statementMap":{"0":{"start":{"line":2,"column":0},"end":{"line":2,"column":192}},"1":{"start":{"line":3,"column":0},"end":{"line":3,"column":81}},"2":{"start":{"line":6,"column":16},"end":{"line":65,"column":1}},"3":{"start":{"line":7,"column":4},"end":{"line":14,"column":7}},"4":{"start":{"line":9,"column":8},"end":{"line":13,"column":9}},"5":{"start":{"line":10,"column":12},"end":{"line":10,"column":52}},"6":{"start":{"line":12,"column":12},"end":{"line":12,"column":24}},"7":{"start":{"line":16,"column":4},"end":{"line":24,"column":6}},"8":{"start":{"line":18,"column":8},"end":{"line":22,"column":9}},"9":{"start":{"line":19,"column":12},"end":{"line":19,"column":50}},"10":{"start":{"line":21,"column":12},"end":{"line":21,"column":24}},"11":{"start":{"line":26,"column":4},"end":{"line":34,"column":6}},"12":{"start":{"line":28,"column":8},"end":{"line":32,"column":9}},"13":{"start":{"line":29,"column":12},"end":{"line":29,"column":53}},"14":{"start":{"line":31,"column":12},"end":{"line":31,"column":24}},"15":{"start":{"line":36,"column":4},"end":{"line":43,"column":7}},"16":{"start":{"line":38,"column":8},"end":{"line":42,"column":9}},"17":{"start":{"line":39,"column":12},"end":{"line":39,"column":61}},"18":{"start":{"line":41,"column":12},"end":{"line":41,"column":24}},"19":{"start":{"line":46,"column":4},"end":{"line":53,"column":7}},"20":{"start":{"line":48,"column":8},"end":{"line":52,"column":9}},"21":{"start":{"line":49,"column":12},"end":{"line":49,"column":52}},"22":{"start":{"line":51,"column":12},"end":{"line":51,"column":24}},"23":{"start":{"line":56,"column":4},"end":{"line":64,"column":6}},"24":{"start":{"line":58,"column":8},"end":{"line":62,"column":9}},"25":{"start":{"line":59,"column":12},"end":{"line":59,"column":52}},"26":{"start":{"line":61,"column":12},"end":{"line":61,"column":24}},"27":{"start":{"line":66,"column":0},"end":{"line":66,"column":23}}},"fnMap":{"0":{"name":"(anonymous_0)","decl":{"start":{"line":6,"column":16},"end":{"line":6,"column":17}},"loc":{"start":{"line":6,"column":33},"end":{"line":65,"column":1}}},"1":{"name":"(anonymous_1)","decl":{"start":{"line":7,"column":44},"end":{"line":7,"column":49}},"loc":{"start":{"line":7,"column":69},"end":{"line":14,"column":5}}},"2":{"name":"(anonymous_2)","decl":{"start":{"line":16,"column":45},"end":{"line":16,"column":50}},"loc":{"start":{"line":16,"column":70},"end":{"line":23,"column":5}}},"3":{"name":"(anonymous_3)","decl":{"start":{"line":26,"column":47},"end":{"line":26,"column":52}},"loc":{"start":{"line":26,"column":72},"end":{"line":33,"column":5}}},"4":{"name":"(anonymous_4)","decl":{"start":{"line":36,"column":64},"end":{"line":36,"column":69}},"loc":{"start":{"line":36,"column":89},"end":{"line":43,"column":5}}},"5":{"name":"(anonymous_5)","decl":{"start":{"line":46,"column":47},"end":{"line":46,"column":52}},"loc":{"start":{"line":46,"column":72},"end":{"line":53,"column":5}}},"6":{"name":"(anonymous_6)","decl":{"start":{"line":56,"column":51},"end":{"line":56,"column":56}},"loc":{"start":{"line":56,"column":76},"end":{"line":63,"column":5}}}},"branchMap":{},"s":{"0":1,"1":1,"2":1,"3":1,"4":0,"5":0,"6":0,"7":1,"8":0,"9":0,"10":0,"11":1,"12":0,"13":0,"14":0,"15":1,"16":0,"17":0,"18":0,"19":1,"20":0,"21":0,"22":0,"23":1,"24":0,"25":0,"26":0,"27":1},"f":{"0":1,"1":0,"2":0,"3":0,"4":0,"5":0,"6":0},"b":{}}
,"/home/charles/Documents/Teach2Give/DrizzleORM/src/booking/booking.service.ts": {"path":"/home/charles/Documents/Teach2Give/DrizzleORM/src/booking/booking.service.ts","statementMap":{"0":{"start":{"line":1,"column":0},"end":{"line":1,"column":31}},"1":{"start":{"line":2,"column":0},"end":{"line":2,"column":33}},"2":{"start":{"line":3,"column":0},"end":{"line":3,"column":61}},"3":{"start":{"line":6,"column":36},"end":{"line":12,"column":1}},"4":{"start":{"line":7,"column":23},"end":{"line":7,"column":81}},"5":{"start":{"line":8,"column":4},"end":{"line":10,"column":5}},"6":{"start":{"line":9,"column":8},"end":{"line":9,"column":24}},"7":{"start":{"line":11,"column":4},"end":{"line":11,"column":16}},"8":{"start":{"line":6,"column":13},"end":{"line":6,"column":36}},"9":{"start":{"line":14,"column":34},"end":{"line":17,"column":1}},"10":{"start":{"line":15,"column":21},"end":{"line":15,"column":60}},"11":{"start":{"line":16,"column":4},"end":{"line":16,"column":20}},"12":{"start":{"line":14,"column":13},"end":{"line":14,"column":34}},"13":{"start":{"line":19,"column":37},"end":{"line":24,"column":1}},"14":{"start":{"line":20,"column":20},"end":{"line":22,"column":6}},"15":{"start":{"line":23,"column":4},"end":{"line":23,"column":19}},"16":{"start":{"line":19,"column":13},"end":{"line":19,"column":37}},"17":{"start":{"line":27,"column":45},"end":{"line":32,"column":1}},"18":{"start":{"line":28,"column":21},"end":{"line":30,"column":6}},"19":{"start":{"line":31,"column":4},"end":{"line":31,"column":20}},"20":{"start":{"line":27,"column":13},"end":{"line":27,"column":45}},"21":{"start":{"line":34,"column":36},"end":{"line":44,"column":1}},"22":{"start":{"line":35,"column":27},"end":{"line":38,"column":20}},"23":{"start":{"line":40,"column":4},"end":{"line":42,"column":5}},"24":{"start":{"line":41,"column":8},"end":{"line":41,"column":20}},"25":{"start":{"line":43,"column":4},"end":{"line":43,"column":42}},"26":{"start":{"line":34,"column":13},"end":{"line":34,"column":36}},"27":{"start":{"line":47,"column":36},"end":{"line":56,"column":1}},"28":{"start":{"line":48,"column":27},"end":{"line":50,"column":20}},"29":{"start":{"line":52,"column":4},"end":{"line":54,"column":5}},"30":{"start":{"line":53,"column":8},"end":{"line":53,"column":20}},"31":{"start":{"line":55,"column":4},"end":{"line":55,"column":42}},"32":{"start":{"line":47,"column":13},"end":{"line":47,"column":36}}},"fnMap":{"0":{"name":"(anonymous_1)","decl":{"start":{"line":6,"column":36},"end":{"line":6,"column":41}},"loc":{"start":{"line":6,"column":65},"end":{"line":12,"column":1}}},"1":{"name":"(anonymous_2)","decl":{"start":{"line":14,"column":34},"end":{"line":14,"column":39}},"loc":{"start":{"line":14,"column":45},"end":{"line":17,"column":1}}},"2":{"name":"(anonymous_3)","decl":{"start":{"line":19,"column":37},"end":{"line":19,"column":42}},"loc":{"start":{"line":19,"column":58},"end":{"line":24,"column":1}}},"3":{"name":"(anonymous_4)","decl":{"start":{"line":27,"column":45},"end":{"line":27,"column":50}},"loc":{"start":{"line":27,"column":74},"end":{"line":32,"column":1}}},"4":{"name":"(anonymous_5)","decl":{"start":{"line":34,"column":36},"end":{"line":34,"column":41}},"loc":{"start":{"line":34,"column":77},"end":{"line":44,"column":1}}},"5":{"name":"(anonymous_6)","decl":{"start":{"line":47,"column":36},"end":{"line":47,"column":41}},"loc":{"start":{"line":47,"column":57},"end":{"line":56,"column":1}}}},"branchMap":{"0":{"loc":{"start":{"line":8,"column":4},"end":{"line":10,"column":5}},"type":"if","locations":[{"start":{"line":8,"column":4},"end":{"line":10,"column":5}}]},"1":{"loc":{"start":{"line":40,"column":4},"end":{"line":42,"column":5}},"type":"if","locations":[{"start":{"line":40,"column":4},"end":{"line":42,"column":5}}]},"2":{"loc":{"start":{"line":52,"column":4},"end":{"line":54,"column":5}},"type":"if","locations":[{"start":{"line":52,"column":4},"end":{"line":54,"column":5}}]}},"s":{"0":1,"1":1,"2":1,"3":1,"4":0,"5":0,"6":0,"7":0,"8":1,"9":1,"10":0,"11":0,"12":1,"13":1,"14":0,"15":0,"16":1,"17":1,"18":0,"19":0,"20":1,"21":1,"22":0,"23":0,"24":0,"25":0,"26":1,"27":1,"28":0,"29":0,"30":0,"31":0,"32":1},"f":{"0":0,"1":0,"2":0,"3":0,"4":0,"5":0},"b":{"0":[0],"1":[0],"2":[0]}}
,"/home/charles/Documents/Teach2Give/DrizzleORM/src/car/car.controller.ts": {"path":"/home/charles/Documents/Teach2Give/DrizzleORM/src/car/car.controller.ts","statementMap":{"0":{"start":{"line":2,"column":0},"end":{"line":2,"column":114}},"1":{"start":{"line":4,"column":35},"end":{"line":17,"column":1}},"2":{"start":{"line":5,"column":4},"end":{"line":16,"column":5}},"3":{"start":{"line":6,"column":20},"end":{"line":6,"column":28}},"4":{"start":{"line":7,"column":26},"end":{"line":7,"column":53}},"5":{"start":{"line":8,"column":8},"end":{"line":8,"column":69}},"6":{"start":{"line":8,"column":23},"end":{"line":8,"column":69}},"7":{"start":{"line":9,"column":8},"end":{"line":11,"column":11}},"8":{"start":{"line":13,"column":8},"end":{"line":15,"column":11}},"9":{"start":{"line":4,"column":13},"end":{"line":4,"column":35}},"10":{"start":{"line":19,"column":36},"end":{"line":33,"column":1}},"11":{"start":{"line":20,"column":4},"end":{"line":32,"column":5}},"12":{"start":{"line":21,"column":19},"end":{"line":21,"column":42}},"13":{"start":{"line":22,"column":8},"end":{"line":24,"column":9}},"14":{"start":{"line":23,"column":12},"end":{"line":23,"column":71}},"15":{"start":{"line":25,"column":20},"end":{"line":25,"column":47}},"16":{"start":{"line":26,"column":8},"end":{"line":28,"column":9}},"17":{"start":{"line":27,"column":12},"end":{"line":27,"column":70}},"18":{"start":{"line":29,"column":8},"end":{"line":29,"column":84}},"19":{"start":{"line":31,"column":8},"end":{"line":31,"column":96}},"20":{"start":{"line":19,"column":13},"end":{"line":19,"column":36}},"21":{"start":{"line":35,"column":32},"end":{"line":45,"column":1}},"22":{"start":{"line":36,"column":4},"end":{"line":44,"column":5}},"23":{"start":{"line":37,"column":21},"end":{"line":37,"column":42}},"24":{"start":{"line":38,"column":8},"end":{"line":40,"column":9}},"25":{"start":{"line":39,"column":12},"end":{"line":39,"column":70}},"26":{"start":{"line":41,"column":8},"end":{"line":41,"column":86}},"27":{"start":{"line":43,"column":8},"end":{"line":43,"column":96}},"28":{"start":{"line":35,"column":13},"end":{"line":35,"column":32}},"29":{"start":{"line":47,"column":35},"end":{"line":66,"column":1}},"30":{"start":{"line":48,"column":4},"end":{"line":65,"column":5}},"31":{"start":{"line":49,"column":19},"end":{"line":49,"column":42}},"32":{"start":{"line":50,"column":8},"end":{"line":52,"column":9}},"33":{"start":{"line":51,"column":12},"end":{"line":51,"column":71}},"34":{"start":{"line":53,"column":20},"end":{"line":53,"column":28}},"35":{"start":{"line":54,"column":28},"end":{"line":54,"column":55}},"36":{"start":{"line":55,"column":8},"end":{"line":57,"column":9}},"37":{"start":{"line":56,"column":12},"end":{"line":56,"column":70}},"38":{"start":{"line":58,"column":27},"end":{"line":58,"column":58}},"39":{"start":{"line":59,"column":8},"end":{"line":61,"column":9}},"40":{"start":{"line":60,"column":12},"end":{"line":60,"column":72}},"41":{"start":{"line":62,"column":8},"end":{"line":62,"column":77}},"42":{"start":{"line":64,"column":8},"end":{"line":64,"column":96}},"43":{"start":{"line":47,"column":13},"end":{"line":47,"column":35}},"44":{"start":{"line":68,"column":35},"end":{"line":82,"column":1}},"45":{"start":{"line":69,"column":4},"end":{"line":81,"column":5}},"46":{"start":{"line":70,"column":19},"end":{"line":70,"column":42}},"47":{"start":{"line":71,"column":8},"end":{"line":73,"column":9}},"48":{"start":{"line":72,"column":12},"end":{"line":72,"column":71}},"49":{"start":{"line":74,"column":27},"end":{"line":74,"column":53}},"50":{"start":{"line":75,"column":8},"end":{"line":77,"column":9}},"51":{"start":{"line":76,"column":12},"end":{"line":76,"column":72}},"52":{"start":{"line":78,"column":8},"end":{"line":78,"column":77}},"53":{"start":{"line":80,"column":8},"end":{"line":80,"column":96}},"54":{"start":{"line":68,"column":13},"end":{"line":68,"column":35}}},"fnMap":{"0":{"name":"(anonymous_0)","decl":{"start":{"line":4,"column":35},"end":{"line":4,"column":40}},"loc":{"start":{"line":4,"column":73},"end":{"line":17,"column":1}}},"1":{"name":"(anonymous_1)","decl":{"start":{"line":19,"column":36},"end":{"line":19,"column":41}},"loc":{"start":{"line":19,"column":74},"end":{"line":33,"column":1}}},"2":{"name":"(anonymous_2)","decl":{"start":{"line":35,"column":32},"end":{"line":35,"column":37}},"loc":{"start":{"line":35,"column":70},"end":{"line":45,"column":1}}},"3":{"name":"(anonymous_3)","decl":{"start":{"line":47,"column":35},"end":{"line":47,"column":40}},"loc":{"start":{"line":47,"column":73},"end":{"line":66,"column":1}}},"4":{"name":"(anonymous_4)","decl":{"start":{"line":68,"column":35},"end":{"line":68,"column":40}},"loc":{"start":{"line":68,"column":73},"end":{"line":82,"column":1}}}},"branchMap":{"0":{"loc":{"start":{"line":8,"column":8},"end":{"line":8,"column":69}},"type":"if","locations":[{"start":{"line":8,"column":8},"end":{"line":8,"column":69}}]},"1":{"loc":{"start":{"line":22,"column":8},"end":{"line":24,"column":9}},"type":"if","locations":[{"start":{"line":22,"column":8},"end":{"line":24,"column":9}}]},"2":{"loc":{"start":{"line":26,"column":8},"end":{"line":28,"column":9}},"type":"if","locations":[{"start":{"line":26,"column":8},"end":{"line":28,"column":9}}]},"3":{"loc":{"start":{"line":38,"column":8},"end":{"line":40,"column":9}},"type":"if","locations":[{"start":{"line":38,"column":8},"end":{"line":40,"column":9}}]},"4":{"loc":{"start":{"line":38,"column":12},"end":{"line":38,"column":38}},"type":"binary-expr","locations":[{"start":{"line":38,"column":12},"end":{"line":38,"column":17}},{"start":{"line":38,"column":21},"end":{"line":38,"column":38}}]},"5":{"loc":{"start":{"line":50,"column":8},"end":{"line":52,"column":9}},"type":"if","locations":[{"start":{"line":50,"column":8},"end":{"line":52,"column":9}}]},"6":{"loc":{"start":{"line":55,"column":8},"end":{"line":57,"column":9}},"type":"if","locations":[{"start":{"line":55,"column":8},"end":{"line":57,"column":9}}]},"7":{"loc":{"start":{"line":59,"column":8},"end":{"line":61,"column":9}},"type":"if","locations":[{"start":{"line":59,"column":8},"end":{"line":61,"column":9}}]},"8":{"loc":{"start":{"line":71,"column":8},"end":{"line":73,"column":9}},"type":"if","locations":[{"start":{"line":71,"column":8},"end":{"line":73,"column":9}}]},"9":{"loc":{"start":{"line":75,"column":8},"end":{"line":77,"column":9}},"type":"if","locations":[{"start":{"line":75,"column":8},"end":{"line":77,"column":9}}]}},"s":{"0":1,"1":1,"2":0,"3":0,"4":0,"5":0,"6":0,"7":0,"8":0,"9":1,"10":1,"11":0,"12":0,"13":0,"14":0,"15":0,"16":0,"17":0,"18":0,"19":0,"20":1,"21":1,"22":0,"23":0,"24":0,"25":0,"26":0,"27":0,"28":1,"29":1,"30":0,"31":0,"32":0,"33":0,"34":0,"35":0,"36":0,"37":0,"38":0,"39":0,"40":0,"41":0,"42":0,"43":1,"44":1,"45":0,"46":0,"47":0,"48":0,"49":0,"50":0,"51":0,"52":0,"53":0,"54":1},"f":{"0":0,"1":0,"2":0,"3":0,"4":0},"b":{"0":[0],"1":[0],"2":[0],"3":[0],"4":[0,0],"5":[0],"6":[0],"7":[0],"8":[0],"9":[0]}}
,"/home/charles/Documents/Teach2Give/DrizzleORM/src/car/car.router.ts": {"path":"/home/charles/Documents/Teach2Give/DrizzleORM/src/car/car.router.ts","statementMap":{"0":{"start":{"line":2,"column":0},"end":{"line":2,"column":132}},"1":{"start":{"line":3,"column":12},"end":{"line":44,"column":1}},"2":{"start":{"line":4,"column":4},"end":{"line":10,"column":7}},"3":{"start":{"line":5,"column":8},"end":{"line":9,"column":9}},"4":{"start":{"line":6,"column":12},"end":{"line":6,"column":48}},"5":{"start":{"line":8,"column":12},"end":{"line":8,"column":24}},"6":{"start":{"line":12,"column":4},"end":{"line":19,"column":6}},"7":{"start":{"line":13,"column":8},"end":{"line":17,"column":9}},"8":{"start":{"line":14,"column":12},"end":{"line":14,"column":49}},"9":{"start":{"line":16,"column":12},"end":{"line":16,"column":24}},"10":{"start":{"line":21,"column":4},"end":{"line":27,"column":7}},"11":{"start":{"line":22,"column":8},"end":{"line":26,"column":9}},"12":{"start":{"line":23,"column":12},"end":{"line":23,"column":45}},"13":{"start":{"line":25,"column":12},"end":{"line":25,"column":24}},"14":{"start":{"line":29,"column":4},"end":{"line":35,"column":7}},"15":{"start":{"line":30,"column":8},"end":{"line":34,"column":9}},"16":{"start":{"line":31,"column":12},"end":{"line":31,"column":48}},"17":{"start":{"line":33,"column":12},"end":{"line":33,"column":24}},"18":{"start":{"line":37,"column":4},"end":{"line":43,"column":7}},"19":{"start":{"line":38,"column":8},"end":{"line":42,"column":9}},"20":{"start":{"line":39,"column":12},"end":{"line":39,"column":48}},"21":{"start":{"line":41,"column":12},"end":{"line":41,"column":24}},"22":{"start":{"line":45,"column":0},"end":{"line":45,"column":19}}},"fnMap":{"0":{"name":"(anonymous_0)","decl":{"start":{"line":3,"column":12},"end":{"line":3,"column":13}},"loc":{"start":{"line":3,"column":29},"end":{"line":44,"column":1}}},"1":{"name":"(anonymous_1)","decl":{"start":{"line":4,"column":27},"end":{"line":4,"column":32}},"loc":{"start":{"line":4,"column":52},"end":{"line":10,"column":5}}},"2":{"name":"(anonymous_2)","decl":{"start":{"line":12,"column":30},"end":{"line":12,"column":35}},"loc":{"start":{"line":12,"column":55},"end":{"line":18,"column":5}}},"3":{"name":"(anonymous_3)","decl":{"start":{"line":21,"column":26},"end":{"line":21,"column":31}},"loc":{"start":{"line":21,"column":51},"end":{"line":27,"column":5}}},"4":{"name":"(anonymous_4)","decl":{"start":{"line":29,"column":30},"end":{"line":29,"column":35}},"loc":{"start":{"line":29,"column":55},"end":{"line":35,"column":5}}},"5":{"name":"(anonymous_5)","decl":{"start":{"line":37,"column":33},"end":{"line":37,"column":38}},"loc":{"start":{"line":37,"column":58},"end":{"line":43,"column":5}}}},"branchMap":{},"s":{"0":1,"1":1,"2":1,"3":0,"4":0,"5":0,"6":1,"7":0,"8":0,"9":0,"10":1,"11":0,"12":0,"13":0,"14":1,"15":0,"16":0,"17":0,"18":1,"19":0,"20":0,"21":0,"22":1},"f":{"0":1,"1":0,"2":0,"3":0,"4":0,"5":0},"b":{}}
,"/home/charles/Documents/Teach2Give/DrizzleORM/src/car/car.service.ts": {"path":"/home/charles/Documents/Teach2Give/DrizzleORM/src/car/car.service.ts","statementMap":{"0":{"start":{"line":1,"column":0},"end":{"line":1,"column":33}},"1":{"start":{"line":2,"column":0},"end":{"line":2,"column":31}},"2":{"start":{"line":3,"column":0},"end":{"line":3,"column":52}},"3":{"start":{"line":7,"column":31},"end":{"line":13,"column":1}},"4":{"start":{"line":8,"column":22},"end":{"line":8,"column":71}},"5":{"start":{"line":9,"column":4},"end":{"line":11,"column":5}},"6":{"start":{"line":10,"column":8},"end":{"line":10,"column":24}},"7":{"start":{"line":12,"column":4},"end":{"line":12,"column":16}},"8":{"start":{"line":7,"column":13},"end":{"line":7,"column":31}},"9":{"start":{"line":15,"column":33},"end":{"line":20,"column":1}},"10":{"start":{"line":16,"column":16},"end":{"line":18,"column":6}},"11":{"start":{"line":19,"column":4},"end":{"line":19,"column":15}},"12":{"start":{"line":15,"column":13},"end":{"line":15,"column":33}},"13":{"start":{"line":22,"column":29},"end":{"line":25,"column":1}},"14":{"start":{"line":23,"column":17},"end":{"line":23,"column":51}},"15":{"start":{"line":24,"column":4},"end":{"line":24,"column":16}},"16":{"start":{"line":22,"column":13},"end":{"line":22,"column":29}},"17":{"start":{"line":28,"column":32},"end":{"line":38,"column":1}},"18":{"start":{"line":29,"column":23},"end":{"line":32,"column":20}},"19":{"start":{"line":34,"column":4},"end":{"line":36,"column":5}},"20":{"start":{"line":35,"column":8},"end":{"line":35,"column":20}},"21":{"start":{"line":37,"column":4},"end":{"line":37,"column":38}},"22":{"start":{"line":28,"column":13},"end":{"line":28,"column":32}},"23":{"start":{"line":40,"column":32},"end":{"line":49,"column":1}},"24":{"start":{"line":41,"column":23},"end":{"line":43,"column":20}},"25":{"start":{"line":45,"column":4},"end":{"line":47,"column":5}},"26":{"start":{"line":46,"column":8},"end":{"line":46,"column":20}},"27":{"start":{"line":48,"column":4},"end":{"line":48,"column":38}},"28":{"start":{"line":40,"column":13},"end":{"line":40,"column":32}}},"fnMap":{"0":{"name":"(anonymous_1)","decl":{"start":{"line":7,"column":31},"end":{"line":7,"column":36}},"loc":{"start":{"line":7,"column":52},"end":{"line":13,"column":1}}},"1":{"name":"(anonymous_2)","decl":{"start":{"line":15,"column":33},"end":{"line":15,"column":38}},"loc":{"start":{"line":15,"column":54},"end":{"line":20,"column":1}}},"2":{"name":"(anonymous_3)","decl":{"start":{"line":22,"column":29},"end":{"line":22,"column":34}},"loc":{"start":{"line":22,"column":40},"end":{"line":25,"column":1}}},"3":{"name":"(anonymous_4)","decl":{"start":{"line":28,"column":32},"end":{"line":28,"column":37}},"loc":{"start":{"line":28,"column":65},"end":{"line":38,"column":1}}},"4":{"name":"(anonymous_5)","decl":{"start":{"line":40,"column":32},"end":{"line":40,"column":37}},"loc":{"start":{"line":40,"column":53},"end":{"line":49,"column":1}}}},"branchMap":{"0":{"loc":{"start":{"line":9,"column":4},"end":{"line":11,"column":5}},"type":"if","locations":[{"start":{"line":9,"column":4},"end":{"line":11,"column":5}}]},"1":{"loc":{"start":{"line":34,"column":4},"end":{"line":36,"column":5}},"type":"if","locations":[{"start":{"line":34,"column":4},"end":{"line":36,"column":5}}]},"2":{"loc":{"start":{"line":45,"column":4},"end":{"line":47,"column":5}},"type":"if","locations":[{"start":{"line":45,"column":4},"end":{"line":47,"column":5}}]}},"s":{"0":1,"1":1,"2":1,"3":1,"4":0,"5":0,"6":0,"7":0,"8":1,"9":1,"10":0,"11":0,"12":1,"13":1,"14":0,"15":0,"16":1,"17":1,"18":0,"19":0,"20":0,"21":0,"22":1,"23":1,"24":0,"25":0,"26":0,"27":0,"28":1},"f":{"0":0,"1":0,"2":0,"3":0,"4":0},"b":{"0":[0],"1":[0],"2":[0]}}
,"/home/charles/Documents/Teach2Give/DrizzleORM/src/customer/customer.controller.ts": {"path":"/home/charles/Documents/Teach2Give/DrizzleORM/src/customer/customer.controller.ts","statementMap":{"0":{"start":{"line":2,"column":0},"end":{"line":2,"column":394}},"1":{"start":{"line":3,"column":0},"end":{"line":3,"column":28}},"2":{"start":{"line":4,"column":0},"end":{"line":4,"column":31}},"3":{"start":{"line":5,"column":0},"end":{"line":5,"column":22}},"4":{"start":{"line":6,"column":0},"end":{"line":6,"column":45}},"5":{"start":{"line":11,"column":40},"end":{"line":57,"column":1}},"6":{"start":{"line":12,"column":4},"end":{"line":56,"column":5}},"7":{"start":{"line":13,"column":25},"end":{"line":13,"column":33}},"8":{"start":{"line":14,"column":25},"end":{"line":14,"column":42}},"9":{"start":{"line":15,"column":8},"end":{"line":17,"column":9}},"10":{"start":{"line":16,"column":12},"end":{"line":16,"column":100}},"11":{"start":{"line":19,"column":31},"end":{"line":19,"column":62}},"12":{"start":{"line":20,"column":8},"end":{"line":20,"column":43}},"13":{"start":{"line":23,"column":33},"end":{"line":23,"column":87}},"14":{"start":{"line":24,"column":31},"end":{"line":24,"column":67}},"15":{"start":{"line":25,"column":8},"end":{"line":25,"column":53}},"16":{"start":{"line":26,"column":8},"end":{"line":26,"column":60}},"17":{"start":{"line":27,"column":8},"end":{"line":27,"column":36}},"18":{"start":{"line":28,"column":31},"end":{"line":28,"column":68}},"19":{"start":{"line":29,"column":8},"end":{"line":29,"column":null}},"20":{"start":{"line":29,"column":28},"end":{"line":29,"column":null}},"21":{"start":{"line":30,"column":12},"end":{"line":46,"column":13}},"22":{"start":{"line":31,"column":16},"end":{"line":41,"column":18}},"23":{"start":{"line":43,"column":16},"end":{"line":43,"column":80}},"24":{"start":{"line":47,"column":8},"end":{"line":49,"column":11}},"25":{"start":{"line":52,"column":8},"end":{"line":53,"column":37}},"26":{"start":{"line":11,"column":13},"end":{"line":11,"column":40}},"27":{"start":{"line":59,"column":40},"end":{"line":99,"column":1}},"28":{"start":{"line":60,"column":28},"end":{"line":60,"column":36}},"29":{"start":{"line":61,"column":4},"end":{"line":98,"column":5}},"30":{"start":{"line":62,"column":25},"end":{"line":62,"column":63}},"31":{"start":{"line":63,"column":8},"end":{"line":65,"column":9}},"32":{"start":{"line":64,"column":12},"end":{"line":64,"column":75}},"33":{"start":{"line":67,"column":8},"end":{"line":69,"column":9}},"34":{"start":{"line":68,"column":12},"end":{"line":68,"column":113}},"35":{"start":{"line":71,"column":8},"end":{"line":94,"column":9}},"36":{"start":{"line":72,"column":12},"end":{"line":72,"column":47}},"37":{"start":{"line":75,"column":12},"end":{"line":90,"column":13}},"38":{"start":{"line":76,"column":16},"end":{"line":85,"column":null}},"39":{"start":{"line":88,"column":16},"end":{"line":88,"column":83}},"40":{"start":{"line":91,"column":12},"end":{"line":91,"column":83}},"41":{"start":{"line":93,"column":12},"end":{"line":93,"column":82}},"42":{"start":{"line":96,"column":8},"end":{"line":96,"column":62}},"43":{"start":{"line":59,"column":13},"end":{"line":59,"column":40}},"44":{"start":{"line":101,"column":48},"end":{"line":143,"column":1}},"45":{"start":{"line":102,"column":22},"end":{"line":102,"column":30}},"46":{"start":{"line":104,"column":4},"end":{"line":106,"column":5}},"47":{"start":{"line":105,"column":8},"end":{"line":105,"column":70}},"48":{"start":{"line":108,"column":4},"end":{"line":142,"column":5}},"49":{"start":{"line":109,"column":25},"end":{"line":109,"column":63}},"50":{"start":{"line":111,"column":8},"end":{"line":113,"column":9}},"51":{"start":{"line":112,"column":12},"end":{"line":112,"column":75}},"52":{"start":{"line":115,"column":8},"end":{"line":117,"column":9}},"53":{"start":{"line":116,"column":12},"end":{"line":116,"column":85}},"54":{"start":{"line":120,"column":33},"end":{"line":120,"column":87}},"55":{"start":{"line":121,"column":31},"end":{"line":121,"column":68}},"56":{"start":{"line":124,"column":8},"end":{"line":124,"column":85}},"57":{"start":{"line":127,"column":8},"end":{"line":136,"column":10}},"58":{"start":{"line":138,"column":8},"end":{"line":138,"column":92}},"59":{"start":{"line":141,"column":8},"end":{"line":141,"column":64}},"60":{"start":{"line":101,"column":13},"end":{"line":101,"column":48}},"61":{"start":{"line":148,"column":39},"end":{"line":196,"column":1}},"62":{"start":{"line":149,"column":4},"end":{"line":195,"column":5}},"63":{"start":{"line":150,"column":25},"end":{"line":150,"column":33}},"64":{"start":{"line":152,"column":30},"end":{"line":152,"column":66}},"65":{"start":{"line":153,"column":8},"end":{"line":155,"column":9}},"66":{"start":{"line":154,"column":12},"end":{"line":154,"column":75}},"67":{"start":{"line":157,"column":30},"end":{"line":157,"column":93}},"68":{"start":{"line":158,"column":8},"end":{"line":160,"column":9}},"69":{"start":{"line":159,"column":12},"end":{"line":159,"column":76}},"70":{"start":{"line":162,"column":24},"end":{"line":172,"column":10}},"71":{"start":{"line":174,"column":23},"end":{"line":174,"column":59}},"72":{"start":{"line":175,"column":8},"end":{"line":177,"column":9}},"73":{"start":{"line":176,"column":12},"end":{"line":176,"column":86}},"74":{"start":{"line":179,"column":22},"end":{"line":179,"column":71}},"75":{"start":{"line":180,"column":8},"end":{"line":192,"column":11}},"76":{"start":{"line":194,"column":8},"end":{"line":194,"column":61}},"77":{"start":{"line":148,"column":13},"end":{"line":148,"column":39}},"78":{"start":{"line":197,"column":37},"end":{"line":207,"column":1}},"79":{"start":{"line":198,"column":6},"end":{"line":206,"column":5}},"80":{"start":{"line":199,"column":26},"end":{"line":199,"column":52}},"81":{"start":{"line":200,"column":8},"end":{"line":202,"column":9}},"82":{"start":{"line":201,"column":12},"end":{"line":201,"column":75}},"83":{"start":{"line":203,"column":8},"end":{"line":203,"column":96}},"84":{"start":{"line":205,"column":8},"end":{"line":205,"column":96}},"85":{"start":{"line":197,"column":13},"end":{"line":197,"column":37}},"86":{"start":{"line":209,"column":41},"end":{"line":223,"column":1}},"87":{"start":{"line":210,"column":4},"end":{"line":222,"column":5}},"88":{"start":{"line":211,"column":19},"end":{"line":211,"column":42}},"89":{"start":{"line":212,"column":8},"end":{"line":214,"column":9}},"90":{"start":{"line":213,"column":12},"end":{"line":213,"column":76}},"91":{"start":{"line":215,"column":25},"end":{"line":215,"column":57}},"92":{"start":{"line":216,"column":8},"end":{"line":218,"column":9}},"93":{"start":{"line":217,"column":12},"end":{"line":217,"column":75}},"94":{"start":{"line":219,"column":8},"end":{"line":219,"column":94}},"95":{"start":{"line":221,"column":8},"end":{"line":221,"column":96}},"96":{"start":{"line":209,"column":13},"end":{"line":209,"column":41}},"97":{"start":{"line":227,"column":49},"end":{"line":246,"column":1}},"98":{"start":{"line":228,"column":15},"end":{"line":228,"column":38}},"99":{"start":{"line":230,"column":4},"end":{"line":232,"column":5}},"100":{"start":{"line":231,"column":8},"end":{"line":231,"column":72}},"101":{"start":{"line":234,"column":4},"end":{"line":245,"column":5}},"102":{"start":{"line":235,"column":25},"end":{"line":235,"column":58}},"103":{"start":{"line":237,"column":8},"end":{"line":239,"column":9}},"104":{"start":{"line":238,"column":12},"end":{"line":238,"column":75}},"105":{"start":{"line":241,"column":8},"end":{"line":241,"column":46}},"106":{"start":{"line":243,"column":8},"end":{"line":243,"column":71}},"107":{"start":{"line":244,"column":8},"end":{"line":244,"column":74}},"108":{"start":{"line":227,"column":13},"end":{"line":227,"column":49}},"109":{"start":{"line":249,"column":61},"end":{"line":259,"column":1}},"110":{"start":{"line":250,"column":4},"end":{"line":258,"column":5}},"111":{"start":{"line":251,"column":26},"end":{"line":251,"column":76}},"112":{"start":{"line":252,"column":8},"end":{"line":254,"column":9}},"113":{"start":{"line":253,"column":12},"end":{"line":253,"column":102}},"114":{"start":{"line":255,"column":8},"end":{"line":255,"column":123}},"115":{"start":{"line":257,"column":8},"end":{"line":257,"column":96}},"116":{"start":{"line":249,"column":13},"end":{"line":249,"column":61}},"117":{"start":{"line":262,"column":40},"end":{"line":285,"column":1}},"118":{"start":{"line":263,"column":4},"end":{"line":284,"column":5}},"119":{"start":{"line":264,"column":19},"end":{"line":264,"column":42}},"120":{"start":{"line":265,"column":8},"end":{"line":267,"column":9}},"121":{"start":{"line":266,"column":12},"end":{"line":266,"column":76}},"122":{"start":{"line":268,"column":25},"end":{"line":268,"column":33}},"123":{"start":{"line":269,"column":33},"end":{"line":269,"column":65}},"124":{"start":{"line":270,"column":8},"end":{"line":273,"column":9}},"125":{"start":{"line":271,"column":12},"end":{"line":271,"column":75}},"126":{"start":{"line":274,"column":32},"end":{"line":274,"column":73}},"127":{"start":{"line":275,"column":8},"end":{"line":277,"column":9}},"128":{"start":{"line":276,"column":12},"end":{"line":276,"column":77}},"129":{"start":{"line":278,"column":8},"end":{"line":278,"column":82}},"130":{"start":{"line":282,"column":8},"end":{"line":282,"column":96}},"131":{"start":{"line":262,"column":13},"end":{"line":262,"column":40}},"132":{"start":{"line":288,"column":40},"end":{"line":308,"column":1}},"133":{"start":{"line":289,"column":4},"end":{"line":307,"column":5}},"134":{"start":{"line":290,"column":19},"end":{"line":290,"column":42}},"135":{"start":{"line":291,"column":8},"end":{"line":293,"column":9}},"136":{"start":{"line":292,"column":12},"end":{"line":292,"column":76}},"137":{"start":{"line":294,"column":33},"end":{"line":294,"column":65}},"138":{"start":{"line":295,"column":8},"end":{"line":297,"column":9}},"139":{"start":{"line":296,"column":12},"end":{"line":296,"column":75}},"140":{"start":{"line":298,"column":32},"end":{"line":298,"column":63}},"141":{"start":{"line":299,"column":8},"end":{"line":301,"column":9}},"142":{"start":{"line":300,"column":12},"end":{"line":300,"column":77}},"143":{"start":{"line":302,"column":8},"end":{"line":302,"column":82}},"144":{"start":{"line":305,"column":8},"end":{"line":305,"column":96}},"145":{"start":{"line":288,"column":13},"end":{"line":288,"column":40}},"146":{"start":{"line":309,"column":53},"end":{"line":323,"column":1}},"147":{"start":{"line":310,"column":4},"end":{"line":322,"column":5}},"148":{"start":{"line":311,"column":19},"end":{"line":311,"column":42}},"149":{"start":{"line":312,"column":8},"end":{"line":314,"column":9}},"150":{"start":{"line":313,"column":12},"end":{"line":313,"column":76}},"151":{"start":{"line":315,"column":25},"end":{"line":315,"column":69}},"152":{"start":{"line":316,"column":8},"end":{"line":318,"column":9}},"153":{"start":{"line":317,"column":12},"end":{"line":317,"column":75}},"154":{"start":{"line":319,"column":8},"end":{"line":319,"column":112}},"155":{"start":{"line":321,"column":8},"end":{"line":321,"column":96}},"156":{"start":{"line":309,"column":13},"end":{"line":309,"column":53}},"157":{"start":{"line":324,"column":65},"end":{"line":343,"column":1}},"158":{"start":{"line":325,"column":15},"end":{"line":325,"column":38}},"159":{"start":{"line":327,"column":4},"end":{"line":329,"column":5}},"160":{"start":{"line":328,"column":8},"end":{"line":328,"column":72}},"161":{"start":{"line":331,"column":4},"end":{"line":342,"column":5}},"162":{"start":{"line":332,"column":25},"end":{"line":332,"column":81}},"163":{"start":{"line":334,"column":8},"end":{"line":336,"column":9}},"164":{"start":{"line":335,"column":12},"end":{"line":335,"column":75}},"165":{"start":{"line":338,"column":8},"end":{"line":338,"column":46}},"166":{"start":{"line":340,"column":8},"end":{"line":340,"column":71}},"167":{"start":{"line":341,"column":8},"end":{"line":341,"column":74}},"168":{"start":{"line":324,"column":13},"end":{"line":324,"column":65}}},"fnMap":{"0":{"name":"(anonymous_1)","decl":{"start":{"line":11,"column":40},"end":{"line":11,"column":45}},"loc":{"start":{"line":11,"column":78},"end":{"line":57,"column":1}}},"1":{"name":"(anonymous_2)","decl":{"start":{"line":59,"column":40},"end":{"line":59,"column":45}},"loc":{"start":{"line":59,"column":78},"end":{"line":99,"column":1}}},"2":{"name":"(anonymous_3)","decl":{"start":{"line":101,"column":48},"end":{"line":101,"column":53}},"loc":{"start":{"line":101,"column":86},"end":{"line":143,"column":1}}},"3":{"name":"(anonymous_4)","decl":{"start":{"line":148,"column":39},"end":{"line":148,"column":44}},"loc":{"start":{"line":148,"column":77},"end":{"line":196,"column":1}}},"4":{"name":"(anonymous_5)","decl":{"start":{"line":197,"column":37},"end":{"line":197,"column":42}},"loc":{"start":{"line":197,"column":75},"end":{"line":207,"column":1}}},"5":{"name":"(anonymous_6)","decl":{"start":{"line":209,"column":41},"end":{"line":209,"column":46}},"loc":{"start":{"line":209,"column":79},"end":{"line":223,"column":1}}},"6":{"name":"(anonymous_7)","decl":{"start":{"line":227,"column":49},"end":{"line":227,"column":54}},"loc":{"start":{"line":227,"column":85},"end":{"line":246,"column":1}}},"7":{"name":"(anonymous_8)","decl":{"start":{"line":249,"column":61},"end":{"line":249,"column":66}},"loc":{"start":{"line":249,"column":99},"end":{"line":259,"column":1}}},"8":{"name":"(anonymous_9)","decl":{"start":{"line":262,"column":40},"end":{"line":262,"column":45}},"loc":{"start":{"line":262,"column":78},"end":{"line":285,"column":1}}},"9":{"name":"(anonymous_10)","decl":{"start":{"line":288,"column":40},"end":{"line":288,"column":45}},"loc":{"start":{"line":288,"column":78},"end":{"line":308,"column":1}}},"10":{"name":"(anonymous_11)","decl":{"start":{"line":309,"column":53},"end":{"line":309,"column":58}},"loc":{"start":{"line":309,"column":91},"end":{"line":323,"column":1}}},"11":{"name":"(anonymous_12)","decl":{"start":{"line":324,"column":65},"end":{"line":324,"column":70}},"loc":{"start":{"line":324,"column":101},"end":{"line":343,"column":1}}}},"branchMap":{"0":{"loc":{"start":{"line":15,"column":8},"end":{"line":17,"column":9}},"type":"if","locations":[{"start":{"line":15,"column":8},"end":{"line":17,"column":9}}]},"1":{"loc":{"start":{"line":15,"column":12},"end":{"line":15,"column":44}},"type":"binary-expr","locations":[{"start":{"line":15,"column":12},"end":{"line":15,"column":21}},{"start":{"line":15,"column":25},"end":{"line":15,"column":44}}]},"2":{"loc":{"start":{"line":29,"column":8},"end":{"line":29,"column":null}},"type":"if","locations":[{"start":{"line":29,"column":8},"end":{"line":29,"column":null}}]},"3":{"loc":{"start":{"line":63,"column":8},"end":{"line":65,"column":9}},"type":"if","locations":[{"start":{"line":63,"column":8},"end":{"line":65,"column":9}}]},"4":{"loc":{"start":{"line":67,"column":8},"end":{"line":69,"column":9}},"type":"if","locations":[{"start":{"line":67,"column":8},"end":{"line":69,"column":9}}]},"5":{"loc":{"start":{"line":67,"column":12},"end":{"line":67,"column":108}},"type":"binary-expr","locations":[{"start":{"line":67,"column":12},"end":{"line":67,"column":47}},{"start":{"line":67,"column":51},"end":{"line":67,"column":108}}]},"6":{"loc":{"start":{"line":71,"column":8},"end":{"line":94,"column":9}},"type":"if","locations":[{"start":{"line":71,"column":8},"end":{"line":94,"column":9}},{"start":{"line":92,"column":15},"end":{"line":94,"column":9}}]},"7":{"loc":{"start":{"line":104,"column":4},"end":{"line":106,"column":5}},"type":"if","locations":[{"start":{"line":104,"column":4},"end":{"line":106,"column":5}}]},"8":{"loc":{"start":{"line":111,"column":8},"end":{"line":113,"column":9}},"type":"if","locations":[{"start":{"line":111,"column":8},"end":{"line":113,"column":9}}]},"9":{"loc":{"start":{"line":115,"column":8},"end":{"line":117,"column":9}},"type":"if","locations":[{"start":{"line":115,"column":8},"end":{"line":117,"column":9}}]},"10":{"loc":{"start":{"line":153,"column":8},"end":{"line":155,"column":9}},"type":"if","locations":[{"start":{"line":153,"column":8},"end":{"line":155,"column":9}}]},"11":{"loc":{"start":{"line":158,"column":8},"end":{"line":160,"column":9}},"type":"if","locations":[{"start":{"line":158,"column":8},"end":{"line":160,"column":9}}]},"12":{"loc":{"start":{"line":175,"column":8},"end":{"line":177,"column":9}},"type":"if","locations":[{"start":{"line":175,"column":8},"end":{"line":177,"column":9}}]},"13":{"loc":{"start":{"line":200,"column":8},"end":{"line":202,"column":9}},"type":"if","locations":[{"start":{"line":200,"column":8},"end":{"line":202,"column":9}}]},"14":{"loc":{"start":{"line":200,"column":12},"end":{"line":200,"column":48}},"type":"binary-expr","locations":[{"start":{"line":200,"column":12},"end":{"line":200,"column":22}},{"start":{"line":200,"column":26},"end":{"line":200,"column":48}}]},"15":{"loc":{"start":{"line":212,"column":8},"end":{"line":214,"column":9}},"type":"if","locations":[{"start":{"line":212,"column":8},"end":{"line":214,"column":9}}]},"16":{"loc":{"start":{"line":216,"column":8},"end":{"line":218,"column":9}},"type":"if","locations":[{"start":{"line":216,"column":8},"end":{"line":218,"column":9}}]},"17":{"loc":{"start":{"line":230,"column":4},"end":{"line":232,"column":5}},"type":"if","locations":[{"start":{"line":230,"column":4},"end":{"line":232,"column":5}}]},"18":{"loc":{"start":{"line":237,"column":8},"end":{"line":239,"column":9}},"type":"if","locations":[{"start":{"line":237,"column":8},"end":{"line":239,"column":9}}]},"19":{"loc":{"start":{"line":252,"column":8},"end":{"line":254,"column":9}},"type":"if","locations":[{"start":{"line":252,"column":8},"end":{"line":254,"column":9}}]},"20":{"loc":{"start":{"line":252,"column":12},"end":{"line":252,"column":48}},"type":"binary-expr","locations":[{"start":{"line":252,"column":12},"end":{"line":252,"column":22}},{"start":{"line":252,"column":26},"end":{"line":252,"column":48}}]},"21":{"loc":{"start":{"line":265,"column":8},"end":{"line":267,"column":9}},"type":"if","locations":[{"start":{"line":265,"column":8},"end":{"line":267,"column":9}}]},"22":{"loc":{"start":{"line":270,"column":8},"end":{"line":273,"column":9}},"type":"if","locations":[{"start":{"line":270,"column":8},"end":{"line":273,"column":9}}]},"23":{"loc":{"start":{"line":275,"column":8},"end":{"line":277,"column":9}},"type":"if","locations":[{"start":{"line":275,"column":8},"end":{"line":277,"column":9}}]},"24":{"loc":{"start":{"line":291,"column":8},"end":{"line":293,"column":9}},"type":"if","locations":[{"start":{"line":291,"column":8},"end":{"line":293,"column":9}}]},"25":{"loc":{"start":{"line":295,"column":8},"end":{"line":297,"column":9}},"type":"if","locations":[{"start":{"line":295,"column":8},"end":{"line":297,"column":9}}]},"26":{"loc":{"start":{"line":299,"column":8},"end":{"line":301,"column":9}},"type":"if","locations":[{"start":{"line":299,"column":8},"end":{"line":301,"column":9}}]},"27":{"loc":{"start":{"line":312,"column":8},"end":{"line":314,"column":9}},"type":"if","locations":[{"start":{"line":312,"column":8},"end":{"line":314,"column":9}}]},"28":{"loc":{"start":{"line":316,"column":8},"end":{"line":318,"column":9}},"type":"if","locations":[{"start":{"line":316,"column":8},"end":{"line":318,"column":9}}]},"29":{"loc":{"start":{"line":327,"column":4},"end":{"line":329,"column":5}},"type":"if","locations":[{"start":{"line":327,"column":4},"end":{"line":329,"column":5}}]},"30":{"loc":{"start":{"line":334,"column":8},"end":{"line":336,"column":9}},"type":"if","locations":[{"start":{"line":334,"column":8},"end":{"line":336,"column":9}}]}},"s":{"0":1,"1":1,"2":1,"3":1,"4":1,"5":1,"6":0,"7":0,"8":0,"9":0,"10":0,"11":0,"12":0,"13":0,"14":0,"15":0,"16":0,"17":0,"18":0,"19":0,"20":0,"21":0,"22":0,"23":0,"24":0,"25":0,"26":1,"27":1,"28":0,"29":0,"30":0,"31":0,"32":0,"33":0,"34":0,"35":0,"36":0,"37":0,"38":0,"39":0,"40":0,"41":0,"42":0,"43":1,"44":1,"45":0,"46":0,"47":0,"48":0,"49":0,"50":0,"51":0,"52":0,"53":0,"54":0,"55":0,"56":0,"57":0,"58":0,"59":0,"60":1,"61":1,"62":0,"63":0,"64":0,"65":0,"66":0,"67":0,"68":0,"69":0,"70":0,"71":0,"72":0,"73":0,"74":0,"75":0,"76":0,"77":1,"78":1,"79":0,"80":0,"81":0,"82":0,"83":0,"84":0,"85":1,"86":1,"87":0,"88":0,"89":0,"90":0,"91":0,"92":0,"93":0,"94":0,"95":0,"96":1,"97":1,"98":0,"99":0,"100":0,"101":0,"102":0,"103":0,"104":0,"105":0,"106":0,"107":0,"108":1,"109":1,"110":0,"111":0,"112":0,"113":0,"114":0,"115":0,"116":1,"117":1,"118":0,"119":0,"120":0,"121":0,"122":0,"123":0,"124":0,"125":0,"126":0,"127":0,"128":0,"129":0,"130":0,"131":1,"132":1,"133":0,"134":0,"135":0,"136":0,"137":0,"138":0,"139":0,"140":0,"141":0,"142":0,"143":0,"144":0,"145":1,"146":1,"147":0,"148":0,"149":0,"150":0,"151":0,"152":0,"153":0,"154":0,"155":0,"156":1,"157":1,"158":0,"159":0,"160":0,"161":0,"162":0,"163":0,"164":0,"165":0,"166":0,"167":0,"168":1},"f":{"0":0,"1":0,"2":0,"3":0,"4":0,"5":0,"6":0,"7":0,"8":0,"9":0,"10":0,"11":0},"b":{"0":[0],"1":[0,0],"2":[0],"3":[0],"4":[0],"5":[0,0],"6":[0,0],"7":[0],"8":[0],"9":[0],"10":[0],"11":[0],"12":[0],"13":[0],"14":[0,0],"15":[0],"16":[0],"17":[0],"18":[0],"19":[0],"20":[0,0],"21":[0],"22":[0],"23":[0],"24":[0],"25":[0],"26":[0],"27":[0],"28":[0],"29":[0],"30":[0]}}
,"/home/charles/Documents/Teach2Give/DrizzleORM/src/customer/customer.router.ts": {"path":"/home/charles/Documents/Teach2Give/DrizzleORM/src/customer/customer.router.ts","statementMap":{"0":{"start":{"line":2,"column":0},"end":{"line":2,"column":417}},"1":{"start":{"line":4,"column":17},"end":{"line":102,"column":1}},"2":{"start":{"line":5,"column":4},"end":{"line":12,"column":null}},"3":{"start":{"line":6,"column":8},"end":{"line":10,"column":9}},"4":{"start":{"line":7,"column":12},"end":{"line":7,"column":53}},"5":{"start":{"line":9,"column":12},"end":{"line":9,"column":24}},"6":{"start":{"line":14,"column":4},"end":{"line":21,"column":null}},"7":{"start":{"line":15,"column":8},"end":{"line":19,"column":9}},"8":{"start":{"line":16,"column":12},"end":{"line":16,"column":53}},"9":{"start":{"line":18,"column":12},"end":{"line":18,"column":24}},"10":{"start":{"line":24,"column":4},"end":{"line":31,"column":null}},"11":{"start":{"line":25,"column":8},"end":{"line":29,"column":9}},"12":{"start":{"line":26,"column":12},"end":{"line":26,"column":61}},"13":{"start":{"line":28,"column":12},"end":{"line":28,"column":24}},"14":{"start":{"line":33,"column":4},"end":{"line":40,"column":null}},"15":{"start":{"line":34,"column":8},"end":{"line":38,"column":9}},"16":{"start":{"line":35,"column":12},"end":{"line":35,"column":52}},"17":{"start":{"line":37,"column":12},"end":{"line":37,"column":24}},"18":{"start":{"line":41,"column":4},"end":{"line":47,"column":null}},"19":{"start":{"line":42,"column":8},"end":{"line":46,"column":9}},"20":{"start":{"line":43,"column":12},"end":{"line":43,"column":50}},"21":{"start":{"line":45,"column":12},"end":{"line":45,"column":24}},"22":{"start":{"line":50,"column":4},"end":{"line":56,"column":7}},"23":{"start":{"line":51,"column":8},"end":{"line":55,"column":9}},"24":{"start":{"line":52,"column":12},"end":{"line":52,"column":62}},"25":{"start":{"line":54,"column":12},"end":{"line":54,"column":24}},"26":{"start":{"line":57,"column":4},"end":{"line":63,"column":7}},"27":{"start":{"line":58,"column":8},"end":{"line":62,"column":9}},"28":{"start":{"line":59,"column":12},"end":{"line":59,"column":74}},"29":{"start":{"line":61,"column":12},"end":{"line":61,"column":24}},"30":{"start":{"line":66,"column":4},"end":{"line":73,"column":null}},"31":{"start":{"line":67,"column":8},"end":{"line":71,"column":9}},"32":{"start":{"line":68,"column":12},"end":{"line":68,"column":53}},"33":{"start":{"line":70,"column":12},"end":{"line":70,"column":24}},"34":{"start":{"line":76,"column":4},"end":{"line":83,"column":null}},"35":{"start":{"line":77,"column":8},"end":{"line":81,"column":9}},"36":{"start":{"line":78,"column":12},"end":{"line":78,"column":53}},"37":{"start":{"line":80,"column":12},"end":{"line":80,"column":24}},"38":{"start":{"line":85,"column":4},"end":{"line":91,"column":7}},"39":{"start":{"line":86,"column":8},"end":{"line":90,"column":9}},"40":{"start":{"line":87,"column":12},"end":{"line":87,"column":66}},"41":{"start":{"line":89,"column":12},"end":{"line":89,"column":24}},"42":{"start":{"line":92,"column":5},"end":{"line":98,"column":7}},"43":{"start":{"line":93,"column":8},"end":{"line":97,"column":9}},"44":{"start":{"line":94,"column":12},"end":{"line":94,"column":79}},"45":{"start":{"line":96,"column":12},"end":{"line":96,"column":24}},"46":{"start":{"line":103,"column":0},"end":{"line":103,"column":24}}},"fnMap":{"0":{"name":"(anonymous_0)","decl":{"start":{"line":4,"column":17},"end":{"line":4,"column":18}},"loc":{"start":{"line":4,"column":34},"end":{"line":102,"column":1}}},"1":{"name":"(anonymous_1)","decl":{"start":{"line":5,"column":32},"end":{"line":5,"column":37}},"loc":{"start":{"line":5,"column":57},"end":{"line":11,"column":5}}},"2":{"name":"(anonymous_2)","decl":{"start":{"line":14,"column":39},"end":{"line":14,"column":44}},"loc":{"start":{"line":14,"column":64},"end":{"line":20,"column":5}}},"3":{"name":"(anonymous_3)","decl":{"start":{"line":24,"column":52},"end":{"line":24,"column":57}},"loc":{"start":{"line":24,"column":77},"end":{"line":30,"column":5}}},"4":{"name":"(anonymous_4)","decl":{"start":{"line":33,"column":38},"end":{"line":33,"column":43}},"loc":{"start":{"line":33,"column":63},"end":{"line":39,"column":5}}},"5":{"name":"(anonymous_5)","decl":{"start":{"line":41,"column":31},"end":{"line":41,"column":36}},"loc":{"start":{"line":41,"column":56},"end":{"line":47,"column":5}}},"6":{"name":"(anonymous_6)","decl":{"start":{"line":50,"column":44},"end":{"line":50,"column":49}},"loc":{"start":{"line":50,"column":69},"end":{"line":56,"column":5}}},"7":{"name":"(anonymous_7)","decl":{"start":{"line":57,"column":53},"end":{"line":57,"column":58}},"loc":{"start":{"line":57,"column":78},"end":{"line":63,"column":5}}},"8":{"name":"(anonymous_8)","decl":{"start":{"line":66,"column":35},"end":{"line":66,"column":40}},"loc":{"start":{"line":66,"column":60},"end":{"line":72,"column":5}}},"9":{"name":"(anonymous_9)","decl":{"start":{"line":76,"column":38},"end":{"line":76,"column":43}},"loc":{"start":{"line":76,"column":63},"end":{"line":82,"column":5}}},"10":{"name":"(anonymous_10)","decl":{"start":{"line":85,"column":48},"end":{"line":85,"column":53}},"loc":{"start":{"line":85,"column":73},"end":{"line":91,"column":5}}},"11":{"name":"(anonymous_11)","decl":{"start":{"line":92,"column":52},"end":{"line":92,"column":57}},"loc":{"start":{"line":92,"column":77},"end":{"line":98,"column":5}}}},"branchMap":{},"s":{"0":1,"1":1,"2":1,"3":0,"4":0,"5":0,"6":1,"7":0,"8":0,"9":0,"10":1,"11":0,"12":0,"13":0,"14":1,"15":0,"16":0,"17":0,"18":1,"19":0,"20":0,"21":0,"22":1,"23":0,"24":0,"25":0,"26":1,"27":0,"28":0,"29":0,"30":1,"31":0,"32":0,"33":0,"34":1,"35":0,"36":0,"37":0,"38":1,"39":0,"40":0,"41":0,"42":1,"43":0,"44":0,"45":0,"46":1},"f":{"0":1,"1":0,"2":0,"3":0,"4":0,"5":0,"6":0,"7":0,"8":0,"9":0,"10":0,"11":0},"b":{}}
,"/home/charles/Documents/Teach2Give/DrizzleORM/src/customer/customer.service.ts": {"path":"/home/charles/Documents/Teach2Give/DrizzleORM/src/customer/customer.service.ts","statementMap":{"0":{"start":{"line":1,"column":0},"end":{"line":1,"column":38}},"1":{"start":{"line":2,"column":0},"end":{"line":2,"column":31}},"2":{"start":{"line":3,"column":0},"end":{"line":3,"column":62}},"3":{"start":{"line":8,"column":37},"end":{"line":11,"column":1}},"4":{"start":{"line":9,"column":4},"end":{"line":9,"column":52}},"5":{"start":{"line":10,"column":4},"end":{"line":10,"column":43}},"6":{"start":{"line":8,"column":13},"end":{"line":8,"column":37}},"7":{"start":{"line":12,"column":41},"end":{"line":17,"column":1}},"8":{"start":{"line":13,"column":4},"end":{"line":16,"column":7}},"9":{"start":{"line":12,"column":13},"end":{"line":12,"column":41}},"10":{"start":{"line":20,"column":35},"end":{"line":24,"column":1}},"11":{"start":{"line":21,"column":4},"end":{"line":23,"column":55}},"12":{"start":{"line":20,"column":13},"end":{"line":20,"column":35}},"13":{"start":{"line":26,"column":45},"end":{"line":37,"column":1}},"14":{"start":{"line":31,"column":4},"end":{"line":36,"column":55}},"15":{"start":{"line":26,"column":13},"end":{"line":26,"column":45}},"16":{"start":{"line":41,"column":36},"end":{"line":56,"column":1}},"17":{"start":{"line":42,"column":22},"end":{"line":42,"column":30}},"18":{"start":{"line":43,"column":4},"end":{"line":55,"column":7}},"19":{"start":{"line":41,"column":13},"end":{"line":41,"column":36}},"20":{"start":{"line":59,"column":34},"end":{"line":62,"column":1}},"21":{"start":{"line":60,"column":21},"end":{"line":60,"column":60}},"22":{"start":{"line":61,"column":4},"end":{"line":61,"column":20}},"23":{"start":{"line":59,"column":13},"end":{"line":59,"column":34}},"24":{"start":{"line":64,"column":38},"end":{"line":69,"column":1}},"25":{"start":{"line":65,"column":21},"end":{"line":67,"column":6}},"26":{"start":{"line":68,"column":4},"end":{"line":68,"column":20}},"27":{"start":{"line":64,"column":13},"end":{"line":64,"column":38}},"28":{"start":{"line":72,"column":39},"end":{"line":86,"column":1}},"29":{"start":{"line":73,"column":4},"end":{"line":85,"column":null}},"30":{"start":{"line":72,"column":13},"end":{"line":72,"column":39}},"31":{"start":{"line":87,"column":58},"end":{"line":104,"column":1}},"32":{"start":{"line":88,"column":4},"end":{"line":103,"column":7}},"33":{"start":{"line":87,"column":13},"end":{"line":87,"column":58}},"34":{"start":{"line":108,"column":37},"end":{"line":118,"column":1}},"35":{"start":{"line":109,"column":28},"end":{"line":112,"column":20}},"36":{"start":{"line":114,"column":4},"end":{"line":116,"column":5}},"37":{"start":{"line":115,"column":8},"end":{"line":115,"column":20}},"38":{"start":{"line":117,"column":4},"end":{"line":117,"column":43}},"39":{"start":{"line":108,"column":13},"end":{"line":108,"column":37}},"40":{"start":{"line":121,"column":37},"end":{"line":130,"column":1}},"41":{"start":{"line":122,"column":28},"end":{"line":124,"column":20}},"42":{"start":{"line":126,"column":4},"end":{"line":128,"column":5}},"43":{"start":{"line":127,"column":8},"end":{"line":127,"column":20}},"44":{"start":{"line":129,"column":4},"end":{"line":129,"column":43}},"45":{"start":{"line":121,"column":13},"end":{"line":121,"column":37}},"46":{"start":{"line":131,"column":50},"end":{"line":148,"column":1}},"47":{"start":{"line":132,"column":4},"end":{"line":147,"column":7}},"48":{"start":{"line":131,"column":13},"end":{"line":131,"column":50}},"49":{"start":{"line":150,"column":62},"end":{"line":168,"column":1}},"50":{"start":{"line":151,"column":4},"end":{"line":167,"column":7}},"51":{"start":{"line":150,"column":13},"end":{"line":150,"column":62}}},"fnMap":{"0":{"name":"(anonymous_1)","decl":{"start":{"line":8,"column":37},"end":{"line":8,"column":42}},"loc":{"start":{"line":8,"column":67},"end":{"line":11,"column":1}}},"1":{"name":"(anonymous_2)","decl":{"start":{"line":12,"column":41},"end":{"line":12,"column":46}},"loc":{"start":{"line":12,"column":65},"end":{"line":17,"column":1}}},"2":{"name":"(anonymous_3)","decl":{"start":{"line":20,"column":35},"end":{"line":20,"column":40}},"loc":{"start":{"line":20,"column":59},"end":{"line":24,"column":1}}},"3":{"name":"(anonymous_4)","decl":{"start":{"line":26,"column":45},"end":{"line":26,"column":50}},"loc":{"start":{"line":30,"column":4},"end":{"line":37,"column":1}}},"4":{"name":"(anonymous_5)","decl":{"start":{"line":41,"column":36},"end":{"line":41,"column":41}},"loc":{"start":{"line":41,"column":65},"end":{"line":56,"column":1}}},"5":{"name":"(anonymous_6)","decl":{"start":{"line":59,"column":34},"end":{"line":59,"column":39}},"loc":{"start":{"line":59,"column":43},"end":{"line":62,"column":1}}},"6":{"name":"(anonymous_7)","decl":{"start":{"line":64,"column":38},"end":{"line":64,"column":43}},"loc":{"start":{"line":64,"column":59},"end":{"line":69,"column":1}}},"7":{"name":"(anonymous_8)","decl":{"start":{"line":72,"column":39},"end":{"line":72,"column":44}},"loc":{"start":{"line":72,"column":60},"end":{"line":86,"column":1}}},"8":{"name":"(anonymous_9)","decl":{"start":{"line":87,"column":58},"end":{"line":87,"column":63}},"loc":{"start":{"line":87,"column":69},"end":{"line":104,"column":1}}},"9":{"name":"(anonymous_10)","decl":{"start":{"line":108,"column":37},"end":{"line":108,"column":42}},"loc":{"start":{"line":108,"column":80},"end":{"line":118,"column":1}}},"10":{"name":"(anonymous_11)","decl":{"start":{"line":121,"column":37},"end":{"line":121,"column":42}},"loc":{"start":{"line":121,"column":58},"end":{"line":130,"column":1}}},"11":{"name":"(anonymous_12)","decl":{"start":{"line":131,"column":50},"end":{"line":131,"column":55}},"loc":{"start":{"line":131,"column":71},"end":{"line":148,"column":1}}},"12":{"name":"(anonymous_13)","decl":{"start":{"line":150,"column":62},"end":{"line":150,"column":67}},"loc":{"start":{"line":150,"column":83},"end":{"line":168,"column":1}}}},"branchMap":{"0":{"loc":{"start":{"line":114,"column":4},"end":{"line":116,"column":5}},"type":"if","locations":[{"start":{"line":114,"column":4},"end":{"line":116,"column":5}}]},"1":{"loc":{"start":{"line":126,"column":4},"end":{"line":128,"column":5}},"type":"if","locations":[{"start":{"line":126,"column":4},"end":{"line":128,"column":5}}]}},"s":{"0":1,"1":1,"2":1,"3":1,"4":0,"5":0,"6":1,"7":1,"8":0,"9":1,"10":1,"11":0,"12":1,"13":1,"14":0,"15":1,"16":1,"17":0,"18":0,"19":1,"20":1,"21":0,"22":0,"23":1,"24":1,"25":0,"26":0,"27":1,"28":1,"29":0,"30":1,"31":1,"32":0,"33":1,"34":1,"35":0,"36":0,"37":0,"38":0,"39":1,"40":1,"41":0,"42":0,"43":0,"44":0,"45":1,"46":1,"47":0,"48":1,"49":1,"50":0,"51":1},"f":{"0":0,"1":0,"2":0,"3":0,"4":0,"5":0,"6":0,"7":0,"8":0,"9":0,"10":0,"11":0,"12":0},"b":{"0":[0],"1":[0]}}
,"/home/charles/Documents/Teach2Give/DrizzleORM/src/insurance/insurance.controller.ts": {"path":"/home/charles/Documents/Teach2Give/DrizzleORM/src/insurance/insurance.controller.ts","statementMap":{"0":{"start":{"line":2,"column":0},"end":{"line":2,"column":149}},"1":{"start":{"line":5,"column":41},"end":{"line":19,"column":1}},"2":{"start":{"line":6,"column":4},"end":{"line":18,"column":5}},"3":{"start":{"line":7,"column":26},"end":{"line":7,"column":34}},"4":{"start":{"line":8,"column":33},"end":{"line":8,"column":72}},"5":{"start":{"line":9,"column":8},"end":{"line":11,"column":9}},"6":{"start":{"line":10,"column":12},"end":{"line":10,"column":81}},"7":{"start":{"line":12,"column":8},"end":{"line":15,"column":11}},"8":{"start":{"line":17,"column":8},"end":{"line":17,"column":64}},"9":{"start":{"line":5,"column":13},"end":{"line":5,"column":41}},"10":{"start":{"line":21,"column":42},"end":{"line":35,"column":1}},"11":{"start":{"line":22,"column":4},"end":{"line":34,"column":5}},"12":{"start":{"line":23,"column":19},"end":{"line":23,"column":42}},"13":{"start":{"line":24,"column":8},"end":{"line":26,"column":9}},"14":{"start":{"line":25,"column":12},"end":{"line":25,"column":77}},"15":{"start":{"line":27,"column":26},"end":{"line":27,"column":59}},"16":{"start":{"line":28,"column":8},"end":{"line":30,"column":9}},"17":{"start":{"line":29,"column":12},"end":{"line":29,"column":76}},"18":{"start":{"line":31,"column":8},"end":{"line":31,"column":96}},"19":{"start":{"line":33,"column":8},"end":{"line":33,"column":96}},"20":{"start":{"line":21,"column":13},"end":{"line":21,"column":42}},"21":{"start":{"line":37,"column":38},"end":{"line":47,"column":1}},"22":{"start":{"line":38,"column":4},"end":{"line":46,"column":5}},"23":{"start":{"line":39,"column":27},"end":{"line":39,"column":54}},"24":{"start":{"line":40,"column":8},"end":{"line":42,"column":9}},"25":{"start":{"line":41,"column":12},"end":{"line":41,"column":76}},"26":{"start":{"line":43,"column":8},"end":{"line":43,"column":98}},"27":{"start":{"line":45,"column":8},"end":{"line":45,"column":96}},"28":{"start":{"line":37,"column":13},"end":{"line":37,"column":38}},"29":{"start":{"line":49,"column":41},"end":{"line":68,"column":1}},"30":{"start":{"line":50,"column":4},"end":{"line":67,"column":5}},"31":{"start":{"line":51,"column":19},"end":{"line":51,"column":42}},"32":{"start":{"line":52,"column":8},"end":{"line":54,"column":9}},"33":{"start":{"line":53,"column":12},"end":{"line":53,"column":77}},"34":{"start":{"line":55,"column":26},"end":{"line":55,"column":34}},"35":{"start":{"line":56,"column":34},"end":{"line":56,"column":67}},"36":{"start":{"line":57,"column":8},"end":{"line":59,"column":9}},"37":{"start":{"line":58,"column":12},"end":{"line":58,"column":76}},"38":{"start":{"line":60,"column":33},"end":{"line":60,"column":76}},"39":{"start":{"line":61,"column":8},"end":{"line":63,"column":9}},"40":{"start":{"line":62,"column":12},"end":{"line":62,"column":78}},"41":{"start":{"line":64,"column":8},"end":{"line":64,"column":101}},"42":{"start":{"line":66,"column":8},"end":{"line":66,"column":96}},"43":{"start":{"line":49,"column":13},"end":{"line":49,"column":41}},"44":{"start":{"line":70,"column":41},"end":{"line":88,"column":1}},"45":{"start":{"line":71,"column":4},"end":{"line":87,"column":5}},"46":{"start":{"line":72,"column":19},"end":{"line":72,"column":42}},"47":{"start":{"line":73,"column":8},"end":{"line":75,"column":9}},"48":{"start":{"line":74,"column":12},"end":{"line":74,"column":77}},"49":{"start":{"line":76,"column":34},"end":{"line":76,"column":67}},"50":{"start":{"line":77,"column":8},"end":{"line":79,"column":9}},"51":{"start":{"line":78,"column":12},"end":{"line":78,"column":76}},"52":{"start":{"line":80,"column":33},"end":{"line":80,"column":65}},"53":{"start":{"line":81,"column":8},"end":{"line":83,"column":9}},"54":{"start":{"line":82,"column":12},"end":{"line":82,"column":78}},"55":{"start":{"line":84,"column":8},"end":{"line":84,"column":83}},"56":{"start":{"line":86,"column":8},"end":{"line":86,"column":96}},"57":{"start":{"line":70,"column":13},"end":{"line":70,"column":41}}},"fnMap":{"0":{"name":"(anonymous_0)","decl":{"start":{"line":5,"column":41},"end":{"line":5,"column":46}},"loc":{"start":{"line":5,"column":79},"end":{"line":19,"column":1}}},"1":{"name":"(anonymous_1)","decl":{"start":{"line":21,"column":42},"end":{"line":21,"column":47}},"loc":{"start":{"line":21,"column":80},"end":{"line":35,"column":1}}},"2":{"name":"(anonymous_2)","decl":{"start":{"line":37,"column":38},"end":{"line":37,"column":43}},"loc":{"start":{"line":37,"column":76},"end":{"line":47,"column":1}}},"3":{"name":"(anonymous_3)","decl":{"start":{"line":49,"column":41},"end":{"line":49,"column":46}},"loc":{"start":{"line":49,"column":79},"end":{"line":68,"column":1}}},"4":{"name":"(anonymous_4)","decl":{"start":{"line":70,"column":41},"end":{"line":70,"column":46}},"loc":{"start":{"line":70,"column":79},"end":{"line":88,"column":1}}}},"branchMap":{"0":{"loc":{"start":{"line":9,"column":8},"end":{"line":11,"column":9}},"type":"if","locations":[{"start":{"line":9,"column":8},"end":{"line":11,"column":9}}]},"1":{"loc":{"start":{"line":24,"column":8},"end":{"line":26,"column":9}},"type":"if","locations":[{"start":{"line":24,"column":8},"end":{"line":26,"column":9}}]},"2":{"loc":{"start":{"line":28,"column":8},"end":{"line":30,"column":9}},"type":"if","locations":[{"start":{"line":28,"column":8},"end":{"line":30,"column":9}}]},"3":{"loc":{"start":{"line":40,"column":8},"end":{"line":42,"column":9}},"type":"if","locations":[{"start":{"line":40,"column":8},"end":{"line":42,"column":9}}]},"4":{"loc":{"start":{"line":40,"column":12},"end":{"line":40,"column":50}},"type":"binary-expr","locations":[{"start":{"line":40,"column":12},"end":{"line":40,"column":23}},{"start":{"line":40,"column":27},"end":{"line":40,"column":50}}]},"5":{"loc":{"start":{"line":52,"column":8},"end":{"line":54,"column":9}},"type":"if","locations":[{"start":{"line":52,"column":8},"end":{"line":54,"column":9}}]},"6":{"loc":{"start":{"line":57,"column":8},"end":{"line":59,"column":9}},"type":"if","locations":[{"start":{"line":57,"column":8},"end":{"line":59,"column":9}}]},"7":{"loc":{"start":{"line":61,"column":8},"end":{"line":63,"column":9}},"type":"if","locations":[{"start":{"line":61,"column":8},"end":{"line":63,"column":9}}]},"8":{"loc":{"start":{"line":73,"column":8},"end":{"line":75,"column":9}},"type":"if","locations":[{"start":{"line":73,"column":8},"end":{"line":75,"column":9}}]},"9":{"loc":{"start":{"line":77,"column":8},"end":{"line":79,"column":9}},"type":"if","locations":[{"start":{"line":77,"column":8},"end":{"line":79,"column":9}}]},"10":{"loc":{"start":{"line":81,"column":8},"end":{"line":83,"column":9}},"type":"if","locations":[{"start":{"line":81,"column":8},"end":{"line":83,"column":9}}]}},"s":{"0":1,"1":1,"2":0,"3":0,"4":0,"5":0,"6":0,"7":0,"8":0,"9":1,"10":1,"11":0,"12":0,"13":0,"14":0,"15":0,"16":0,"17":0,"18":0,"19":0,"20":1,"21":1,"22":0,"23":0,"24":0,"25":0,"26":0,"27":0,"28":1,"29":1,"30":0,"31":0,"32":0,"33":0,"34":0,"35":0,"36":0,"37":0,"38":0,"39":0,"40":0,"41":0,"42":0,"43":1,"44":1,"45":0,"46":0,"47":0,"48":0,"49":0,"50":0,"51":0,"52":0,"53":0,"54":0,"55":0,"56":0,"57":1},"f":{"0":0,"1":0,"2":0,"3":0,"4":0},"b":{"0":[0],"1":[0],"2":[0],"3":[0],"4":[0,0],"5":[0],"6":[0],"7":[0],"8":[0],"9":[0],"10":[0]}}
,"/home/charles/Documents/Teach2Give/DrizzleORM/src/insurance/insurance.router.ts": {"path":"/home/charles/Documents/Teach2Give/DrizzleORM/src/insurance/insurance.router.ts","statementMap":{"0":{"start":{"line":2,"column":0},"end":{"line":2,"column":173}},"1":{"start":{"line":5,"column":18},"end":{"line":49,"column":1}},"2":{"start":{"line":6,"column":4},"end":{"line":12,"column":7}},"3":{"start":{"line":7,"column":8},"end":{"line":11,"column":9}},"4":{"start":{"line":8,"column":12},"end":{"line":8,"column":54}},"5":{"start":{"line":10,"column":12},"end":{"line":10,"column":24}},"6":{"start":{"line":15,"column":4},"end":{"line":21,"column":7}},"7":{"start":{"line":16,"column":8},"end":{"line":20,"column":9}},"8":{"start":{"line":17,"column":12},"end":{"line":17,"column":51}},"9":{"start":{"line":19,"column":12},"end":{"line":19,"column":24}},"10":{"start":{"line":24,"column":4},"end":{"line":30,"column":7}},"11":{"start":{"line":25,"column":8},"end":{"line":29,"column":9}},"12":{"start":{"line":26,"column":12},"end":{"line":26,"column":55}},"13":{"start":{"line":28,"column":12},"end":{"line":28,"column":24}},"14":{"start":{"line":33,"column":4},"end":{"line":39,"column":7}},"15":{"start":{"line":34,"column":8},"end":{"line":38,"column":9}},"16":{"start":{"line":35,"column":12},"end":{"line":35,"column":54}},"17":{"start":{"line":37,"column":12},"end":{"line":37,"column":24}},"18":{"start":{"line":42,"column":4},"end":{"line":48,"column":7}},"19":{"start":{"line":43,"column":8},"end":{"line":47,"column":9}},"20":{"start":{"line":44,"column":12},"end":{"line":44,"column":54}},"21":{"start":{"line":46,"column":12},"end":{"line":46,"column":24}},"22":{"start":{"line":50,"column":0},"end":{"line":50,"column":25}}},"fnMap":{"0":{"name":"(anonymous_0)","decl":{"start":{"line":5,"column":18},"end":{"line":5,"column":19}},"loc":{"start":{"line":5,"column":35},"end":{"line":49,"column":1}}},"1":{"name":"(anonymous_1)","decl":{"start":{"line":6,"column":33},"end":{"line":6,"column":38}},"loc":{"start":{"line":6,"column":58},"end":{"line":12,"column":5}}},"2":{"name":"(anonymous_2)","decl":{"start":{"line":15,"column":32},"end":{"line":15,"column":37}},"loc":{"start":{"line":15,"column":57},"end":{"line":21,"column":5}}},"3":{"name":"(anonymous_3)","decl":{"start":{"line":24,"column":36},"end":{"line":24,"column":41}},"loc":{"start":{"line":24,"column":61},"end":{"line":30,"column":5}}},"4":{"name":"(anonymous_4)","decl":{"start":{"line":33,"column":36},"end":{"line":33,"column":41}},"loc":{"start":{"line":33,"column":61},"end":{"line":39,"column":5}}},"5":{"name":"(anonymous_5)","decl":{"start":{"line":42,"column":39},"end":{"line":42,"column":44}},"loc":{"start":{"line":42,"column":64},"end":{"line":48,"column":5}}}},"branchMap":{},"s":{"0":1,"1":1,"2":1,"3":0,"4":0,"5":0,"6":1,"7":0,"8":0,"9":0,"10":1,"11":0,"12":0,"13":0,"14":1,"15":0,"16":0,"17":0,"18":1,"19":0,"20":0,"21":0,"22":1},"f":{"0":1,"1":0,"2":0,"3":0,"4":0,"5":0},"b":{}}
,"/home/charles/Documents/Teach2Give/DrizzleORM/src/insurance/insurance.service.ts": {"path":"/home/charles/Documents/Teach2Give/DrizzleORM/src/insurance/insurance.service.ts","statementMap":{"0":{"start":{"line":1,"column":0},"end":{"line":1,"column":33}},"1":{"start":{"line":2,"column":0},"end":{"line":2,"column":31}},"2":{"start":{"line":3,"column":0},"end":{"line":3,"column":64}},"3":{"start":{"line":7,"column":37},"end":{"line":13,"column":1}},"4":{"start":{"line":8,"column":22},"end":{"line":8,"column":83}},"5":{"start":{"line":9,"column":4},"end":{"line":11,"column":5}},"6":{"start":{"line":10,"column":8},"end":{"line":10,"column":24}},"7":{"start":{"line":12,"column":4},"end":{"line":12,"column":16}},"8":{"start":{"line":7,"column":13},"end":{"line":7,"column":37}},"9":{"start":{"line":15,"column":39},"end":{"line":20,"column":1}},"10":{"start":{"line":16,"column":23},"end":{"line":18,"column":6}},"11":{"start":{"line":19,"column":4},"end":{"line":19,"column":22}},"12":{"start":{"line":15,"column":13},"end":{"line":15,"column":39}},"13":{"start":{"line":22,"column":35},"end":{"line":25,"column":1}},"14":{"start":{"line":23,"column":23},"end":{"line":23,"column":63}},"15":{"start":{"line":24,"column":4},"end":{"line":24,"column":21}},"16":{"start":{"line":22,"column":13},"end":{"line":22,"column":35}},"17":{"start":{"line":27,"column":38},"end":{"line":37,"column":1}},"18":{"start":{"line":28,"column":30},"end":{"line":31,"column":20}},"19":{"start":{"line":33,"column":4},"end":{"line":35,"column":5}},"20":{"start":{"line":34,"column":8},"end":{"line":34,"column":20}},"21":{"start":{"line":36,"column":4},"end":{"line":36,"column":44}},"22":{"start":{"line":27,"column":13},"end":{"line":27,"column":38}},"23":{"start":{"line":39,"column":38},"end":{"line":48,"column":1}},"24":{"start":{"line":40,"column":29},"end":{"line":42,"column":20}},"25":{"start":{"line":44,"column":4},"end":{"line":46,"column":5}},"26":{"start":{"line":45,"column":8},"end":{"line":45,"column":20}},"27":{"start":{"line":47,"column":4},"end":{"line":47,"column":44}},"28":{"start":{"line":39,"column":13},"end":{"line":39,"column":38}}},"fnMap":{"0":{"name":"(anonymous_1)","decl":{"start":{"line":7,"column":37},"end":{"line":7,"column":42}},"loc":{"start":{"line":7,"column":68},"end":{"line":13,"column":1}}},"1":{"name":"(anonymous_2)","decl":{"start":{"line":15,"column":39},"end":{"line":15,"column":44}},"loc":{"start":{"line":15,"column":60},"end":{"line":20,"column":1}}},"2":{"name":"(anonymous_3)","decl":{"start":{"line":22,"column":35},"end":{"line":22,"column":40}},"loc":{"start":{"line":22,"column":46},"end":{"line":25,"column":1}}},"3":{"name":"(anonymous_4)","decl":{"start":{"line":27,"column":38},"end":{"line":27,"column":43}},"loc":{"start":{"line":27,"column":82},"end":{"line":37,"column":1}}},"4":{"name":"(anonymous_5)","decl":{"start":{"line":39,"column":38},"end":{"line":39,"column":43}},"loc":{"start":{"line":39,"column":59},"end":{"line":48,"column":1}}}},"branchMap":{"0":{"loc":{"start":{"line":9,"column":4},"end":{"line":11,"column":5}},"type":"if","locations":[{"start":{"line":9,"column":4},"end":{"line":11,"column":5}}]},"1":{"loc":{"start":{"line":33,"column":4},"end":{"line":35,"column":5}},"type":"if","locations":[{"start":{"line":33,
[...]
,"/home/charles/Documents/Teach2Give/DrizzleORM/src/payment/payment.router.ts": {"path":"/home/charles/Documents/Teach2Give/DrizzleORM/src/payment/payment.router.ts","statementMap":{"0":{"start":{"line":2,"column":0},"end":{"line":2,"column":160}},"1":{"start":{"line":5,"column":16},"end":{"line":46,"column":1}},"2":{"start":{"line":6,"column":4},"end":{"line":12,"column":7}},"3":{"start":{"line":7,"column":8},"end":{"line":11,"column":9}},"4":{"start":{"line":8,"column":12},"end":{"line":8,"column":52}},"5":{"start":{"line":10,"column":12},"end":{"line":10,"column":24}},"6":{"start":{"line":15,"column":4},"end":{"line":21,"column":7}},"7":{"start":{"line":16,"column":8},"end":{"line":20,"column":9}},"8":{"start":{"line":17,"column":12},"end":{"line":17,"column":50}},"9":{"start":{"line":19,"column":12},"end":{"line":19,"column":24}},"10":{"start":{"line":23,"column":4},"end":{"line":29,"column":7}},"11":{"start":{"line":24,"column":8},"end":{"line":28,"column":9}},"12":{"start":{"line":25,"column":12},"end":{"line":25,"column":53}},"13":{"start":{"line":27,"column":12},"end":{"line":27,"column":24}},"14":{"start":{"line":31,"column":4},"end":{"line":37,"column":7}},"15":{"start":{"line":32,"column":8},"end":{"line":36,"column":9}},"16":{"start":{"line":33,"column":12},"end":{"line":33,"column":52}},"17":{"start":{"line":35,"column":12},"end":{"line":35,"column":24}},"18":{"start":{"line":39,"column":4},"end":{"line":45,"column":7}},"19":{"start":{"line":40,"column":8},"end":{"line":44,"column":9}},"20":{"start":{"line":41,"column":12},"end":{"line":41,"column":52}},"21":{"start":{"line":43,"column":12},"end":{"line":43,"column":24}},"22":{"start":{"line":47,"column":0},"end":{"line":47,"column":23}}},"fnMap":{"0":{"name":"(anonymous_0)","decl":{"start":{"line":5,"column":16},"end":{"line":5,"column":17}},"loc":{"start":{"line":5,"column":33},"end":{"line":46,"column":1}}},"1":{"name":"(anonymous_1)","decl":{"start":{"line":6,"column":31},"end":{"line":6,"column":36}},"loc":{"start":{"line":6,"column":56},"end":{"line":12,"column":5}}},"2":{"name":"(anonymous_2)","decl":{"start":{"line":15,"column":30},"end":{"line":15,"column":35}},"loc":{"start":{"line":15,"column":55},"end":{"line":21,"column":5}}},"3":{"name":"(anonymous_3)","decl":{"start":{"line":23,"column":34},"end":{"line":23,"column":39}},"loc":{"start":{"line":23,"column":59},"end":{"line":29,"column":5}}},"4":{"name":"(anonymous_4)","decl":{"start":{"line":31,"column":34},"end":{"line":31,"column":39}},"loc":{"start":{"line":31,"column":59},"end":{"line":37,"column":5}}},"5":{"name":"(anonymous_5)","decl":{"start":{"line":39,"column":37},"end":{"line":39,"column":42}},"loc":{"start":{"line":39,"column":62},"end":{"line":45,"column":5}}}},"branchMap":{},"s":{"0":1,"1":1,"2":1,"3":0,"4":0,"5":0,"6":1,"7":0,"8":0,"9":0,"10":1,"11":0,"12":0,"13":0,"14":1,"15":0,"16":0,"17":0,"18":1,"19":0,"20":0,"21":0,"22":1},"f":{"0":1,"1":0,"2":0,"3":0,"4":0,"5":0},"b":{}}
,"/home/charles/Documents/Teach2Give/DrizzleORM/src/payment/payment.service.ts": {"path":"/home/charles/Documents/Teach2Give/DrizzleORM/src/payment/payment.service.ts","statementMap":{"0":{"start":{"line":1,"column":0},"end":{"line":1,"column":33}},"1":{"start":{"line":2,"column":0},"end":{"line":2,"column":31}},"2":{"start":{"line":3,"column":0},"end":{"line":3,"column":60}},"3":{"start":{"line":7,"column":36},"end":{"line":10,"column":1}},"4":{"start":{"line":8,"column":4},"end":{"line":8,"column":50}},"5":{"start":{"line":9,"column":4},"end":{"line":9,"column":42}},"6":{"start":{"line":7,"column":13},"end":{"line":7,"column":36}},"7":{"start":{"line":13,"column":34},"end":{"line":16,"column":1}},"8":{"start":{"line":14,"column":21},"end":{"line":14,"column":59}},"9":{"start":{"line":15,"column":4},"end":{"line":15,"column":20}},"10":{"start":{"line":13,"column":13},"end":{"line":13,"column":34}},"11":{"start":{"line":19,"column":37},"end":{"line":24,"column":1}},"12":{"start":{"line":20,"column":20},"end":{"line":22,"column":6}},"13":{"start":{"line":23,"column":4},"end":{"line":23,"column":19}},"14":{"start":{"line":19,"column":13},"end":{"line":19,"column":37}},"15":{"start":{"line":27,"column":36},"end":{"line":37,"column":1}},"16":{"start":{"line":28,"column":27},"end":{"line":31,"column":20}},"17":{"start":{"line":33,"column":4},"end":{"line":35,"column":5}},"18":{"start":{"line":34,"column":8},"end":{"line":34,"column":20}},"19":{"start":{"line":36,"column":4},"end":{"line":36,"column":42}},"20":{"start":{"line":27,"column":13},"end":{"line":27,"column":36}},"21":{"start":{"line":40,"column":36},"end":{"line":49,"column":1}},"22":{"start":{"line":41,"column":27},"end":{"line":43,"column":20}},"23":{"start":{"line":45,"column":4},"end":{"line":47,"column":5}},"24":{"start":{"line":46,"column":8},"end":{"line":46,"column":20}},"25":{"start":{"line":48,"column":4},"end":{"line":48,"column":42}},"26":{"start":{"line":40,"column":13},"end":{"line":40,"column":36}}},"fnMap":{"0":{"name":"(anonymous_1)","decl":{"start":{"line":7,"column":36},"end":{"line":7,"column":41}},"loc":{"start":{"line":7,"column":65},"end":{"line":10,"column":1}}},"1":{"name":"(anonymous_2)","decl":{"start":{"line":13,"column":34},"end":{"line":13,"column":39}},"loc":{"start":{"line":13,"column":45},"end":{"line":16,"column":1}}},"2":{"name":"(anonymous_3)","decl":{"start":{"line":19,"column":37},"end":{"line":19,"column":42}},"loc":{"start":{"line":19,"column":58},"end":{"line":24,"column":1}}},"3":{"name":"(anonymous_4)","decl":{"start":{"line":27,"column":36},"end":{"line":27,"column":41}},"loc":{"start":{"line":27,"column":77},"end":{"line":37,"column":1}}},"4":{"name":"(anonymous_5)","decl":{"start":{"line":40,"column":36},"end":{"line":40,"column":41}},"loc":{"start":{"line":40,"column":57},"end":{"line":49,"column":1}}}},"branchMap":{"0":{"loc":{"start":{"line":33,"column":4},"end":{"line":35,"column":5}},"type":"if","locations":[{"start":{"line":33,"column":4},"end":{"line":35,"column":5}}]},"1":{"loc":{"start":{"line":45,"column":4},"end":{"line":47,"column":5}},"type":"if","locations":[{"start":{"line":45,"column":4},"end":{"line":47,"column":5}}]}},"s":{"0":1,"1":1,"2":1,"3":1,"4":0,"5":0,"6":1,"7":1,"8":0,"9":0,"10":1,"11":1,"12":0,"13":0,"14":1,"15":1,"16":0,"17":0,"18":0,"19":0,"20":1,"21":1,"22":0,"23":0,"24":0,"25":0,"26":1},"f":{"0":0,"1":0,"2":0,"3":0,"4":0},"b":{"0":[0],"1":[0]}}
,"/home/charles/Documents/Teach2Give/DrizzleORM/src/reservation/reservation.controller.ts": {"path":"/home/charles/Documents/Teach2Give/DrizzleORM/src/reservation/reservation.controller.ts","statementMap":{"0":{"start":{"line":2,"column":0},"end":{"line":2,"column":166}},"1":{"start":{"line":5,"column":43},"end":{"line":12,"column":1}},"2":{"start":{"line":6,"column":24},"end":{"line":6,"column":32}},"3":{"start":{"line":7,"column":31},"end":{"line":7,"column":74}},"4":{"start":{"line":8,"column":4},"end":{"line":10,"column":5}},"5":{"start":{"line":9,"column":8},"end":{"line":9,"column":56}},"6":{"start":{"line":11,"column":4},"end":{"line":11,"column":77}},"7":{"start":{"line":5,"column":13},"end":{"line":5,"column":43}},"8":{"start":{"line":14,"column":40},"end":{"line":20,"column":1}},"9":{"start":{"line":15,"column":25},"end":{"line":15,"column":54}},"10":{"start":{"line":16,"column":4},"end":{"line":18,"column":5}},"11":{"start":{"line":17,"column":8},"end":{"line":17,"column":50}},"12":{"start":{"line":19,"column":4},"end":{"line":19,"column":70}},"13":{"start":{"line":14,"column":13},"end":{"line":14,"column":40}},"14":{"start":{"line":22,"column":44},"end":{"line":32,"column":1}},"15":{"start":{"line":23,"column":15},"end":{"line":23,"column":38}},"16":{"start":{"line":24,"column":4},"end":{"line":26,"column":5}},"17":{"start":{"line":25,"column":8},"end":{"line":25,"column":75}},"18":{"start":{"line":27,"column":24},"end":{"line":27,"column":59}},"19":{"start":{"line":28,"column":4},"end":{"line":30,"column":5}},"20":{"start":{"line":29,"column":8},"end":{"line":29,"column":49}},"21":{"start":{"line":31,"column":4},"end":{"line":31,"column":70}},"22":{"start":{"line":22,"column":13},"end":{"line":22,"column":44}},"23":{"start":{"line":34,"column":43},"end":{"line":49,"column":1}},"24":{"start":{"line":35,"column":15},"end":{"line":35,"column":38}},"25":{"start":{"line":36,"column":4},"end":{"line":38,"column":5}},"26":{"start":{"line":37,"column":8},"end":{"line":37,"column":75}},"27":{"start":{"line":39,"column":24},"end":{"line":39,"column":32}},"28":{"start":{"line":40,"column":32},"end":{"line":40,"column":67}},"29":{"start":{"line":41,"column":4},"end":{"line":43,"column":5}},"30":{"start":{"line":42,"column":8},"end":{"line":42,"column":74}},"31":{"start":{"line":44,"column":31},"end":{"line":44,"column":78}},"32":{"start":{"line":45,"column":4},"end":{"line":47,"column":5}},"33":{"start":{"line":46,"column":8},"end":{"line":46,"column":56}},"34":{"start":{"line":48,"column":4},"end":{"line":48,"column":77}},"35":{"start":{"line":34,"column":13},"end":{"line":34,"column":43}},"36":{"start":{"line":52,"column":43},"end":{"line":62,"column":1}},"37":{"start":{"line":53,"column":15},"end":{"line":53,"column":38}},"38":{"start":{"line":54,"column":4},"end":{"line":56,"column":5}},"39":{"start":{"line":55,"column":8},"end":{"line":55,"column":75}},"40":{"start":{"line":57,"column":31},"end":{"line":57,"column":65}},"41":{"start":{"line":58,"column":4},"end":{"line":60,"column":5}},"42":{"start":{"line":59,"column":8},"end":{"line":59,"column":85}},"43":{"start":{"line":61,"column":4},"end":{"line":61,"column":89}},"44":{"start":{"line":52,"column":13},"end":{"line":52,"column":43}}},"fnMap":{"0":{"name":"(anonymous_0)","decl":{"start":{"line":5,"column":43},"end":{"line":5,"column":48}},"loc":{"start":{"line":5,"column":81},"end":{"line":12,"column":1}}},"1":{"name":"(anonymous_1)","decl":{"start":{"line":14,"column":40},"end":{"line":14,"column":45}},"loc":{"start":{"line":14,"column":78},"end":{"line":20,"column":1}}},"2":{"name":"(anonymous_2)","decl":{"start":{"line":22,"column":44},"end":{"line":22,"column":49}},"loc":{"start":{"line":22,"column":82},"end":{"line":32,"column":1}}},"3":{"name":"(anonymous_3)","decl":{"start":{"line":34,"column":43},"end":{"line":34,"column":48}},"loc":{"start":{"line":34,"column":81},"end":{"line":49,"column":1}}},"4":{"name":"(anonymous_4)","decl":{"start":{"line":52,"column":43},"end":{"line":52,"column":48}},"loc":{"start":{"line":52,"column":81},"end":{"line":62,"column":1}}}},"branchMap":{"0":{"loc":{"start":{"line":8,"column":4},"end":{"line":10,"column":5}},"type":"if","locations":[{"start":{"line":8,"column":4},"end":{"line":10,"column":5}}]},"1":{"loc":{"start":{"line":16,"column":4},"end":{"line":18,"column":5}},"type":"if","locations":[{"start":{"line":16,"column":4},"end":{"line":18,"column":5}}]},"2":{"loc":{"start":{"line":16,"column":8},"end":{"line":16,"column":47}},"type":"binary-expr","locations":[{"start":{"line":16,"column":8},"end":{"line":16,"column":20}},{"start":{"line":16,"column":24},"end":{"line":16,"column":47}}]},"3":{"loc":{"start":{"line":24,"column":4},"end":{"line":26,"column":5}},"type":"if","locations":[{"start":{"line":24,"column":4},"end":{"line":26,"column":5}}]},"4":{"loc":{"start":{"line":28,"column":4},"end":{"line":30,"column":5}},"type":"if","locations":[{"start":{"line":28,"column":4},"end":{"line":30,"column":5}}]},"5":{"loc":{"start":{"line":36,"column":4},"end":{"line":38,"column":5}},"type":"if","locations":[{"start":{"line":36,"column":4},"end":{"line":38,"column":5}}]},"6":{"loc":{"start":{"line":41,"column":4},"end":{"line":43,"column":5}},"type":"if","locations":[{"start":{"line":41,"column":4},"end":{"line":43,"column":5}}]},"7":{"loc":{"start":{"line":45,"column":4},"end":{"line":47,"column":5}},"type":"if","locations":[{"start":{"line":45,"column":4},"end":{"line":47,"column":5}}]},"8":{"loc":{"start":{"line":54,"column":4},"end":{"line":56,"column":5}},"type":"if","locations":[{"start":{"line":54,"column":4},"end":{"line":56,"column":5}}]},"9":{"loc":{"start":{"line":58,"column":4},"end":{"line":60,"column":5}},"type":"if","locations":[{"start":{"line":58,"column":4},"end":{"line":60,"column":5}}]}},"s":{"0":1,"1":1,"2":0,"3":0,"4":0,"5":0,"6":0,"7":1,"8":1,"9":0,"10":0,"11":0,"12":0,"13":1,"14":1,"15":0,"16":0,"17":0,"18":0,"19":0,"20":0,"21":0,"22":1,"23":1,"24":0,"25":0,"26":0,"27":0,"28":0,"29":0,"30":0,"31":0,"32":0,"33":0,"34":0,"35":1,"36":1,"37":0,"38":0,"39":0,"40":0,"41":0,"42":0,"43":0,"44":1},"f":{"0":0,"1":0,"2":0,"3":0,"4":0},"b":{"0":[0],"1":[0],"2":[0,0],"3":[0],"4":[0],"5":[0],"6":[0],"7":[0],"8":[0],"9":[0]}}
,"/home/charles/Documents/Teach2Give/DrizzleORM/src/reservation/reservation.router.ts": {"path":"/home/charles/Documents/Teach2Give/DrizzleORM/src/reservation/reservation.router.ts","statementMap":{"0":{"start":{"line":2,"column":0},"end":{"line":2,"column":185}},"1":{"start":{"line":5,"column":20},"end":{"line":49,"column":1}},"2":{"start":{"line":6,"column":4},"end":{"line":12,"column":7}},"3":{"start":{"line":7,"column":8},"end":{"line":11,"column":9}},"4":{"start":{"line":8,"column":12},"end":{"line":8,"column":56}},"5":{"start":{"line":10,"column":12},"end":{"line":10,"column":24}},"6":{"start":{"line":15,"column":4},"end":{"line":21,"column":7}},"7":{"start":{"line":16,"column":8},"end":{"line":20,"column":9}},"8":{"start":{"line":17,"column":12},"end":{"line":17,"column":53}},"9":{"start":{"line":19,"column":12},"end":{"line":19,"column":24}},"10":{"start":{"line":24,"column":4},"end":{"line":30,"column":7}},"11":{"start":{"line":25,"column":8},"end":{"line":29,"column":9}},"12":{"start":{"line":26,"column":12},"end":{"line":26,"column":57}},"13":{"start":{"line":28,"column":12},"end":{"line":28,"column":24}},"14":{"start":{"line":33,"column":4},"end":{"line":39,"column":7}},"15":{"start":{"line":34,"column":8},"end":{"line":38,"column":9}},"16":{"start":{"line":35,"column":12},"end":{"line":35,"column":56}},"17":{"start":{"line":37,"column":12},"end":{"line":37,"column":24}},"18":{"start":{"line":42,"column":4},"end":{"line":48,"column":7}},"19":{"start":{"line":43,"column":8},"end":{"line":47,"column":9}},"20":{"start":{"line":44,"column":12},"end":{"line":44,"column":56}},"21":{"start":{"line":46,"column":12},"end":{"line":46,"column":24}},"22":{"start":{"line":50,"column":0},"end":{"line":50,"column":27}}},"fnMap":{"0":{"name":"(anonymous_0)","decl":{"start":{"line":5,"column":20},"end":{"line":5,"column":21}},"loc":{"start":{"line":5,"column":37},"end":{"line":49,"column":1}}},"1":{"name":"(anonymous_1)","decl":{"start":{"line":6,"column":35},"end":{"line":6,"column":40}},"loc":{"start":{"line":6,"column":60},"end":{"line":12,"column":5}}},"2":{"name":"(anonymous_2)","decl":{"start":{"line":15,"column":34},"end":{"line":15,"column":39}},"loc":{"start":{"line":15,"column":59},"end":{"line":21,"column":5}}},"3":{"name":"(anonymous_3)","decl":{"start":{"line":24,"column":38},"end":{"line":24,"column":43}},"loc":{"start":{"line":24,"column":63},"end":{"line":30,"column":5}}},"4":{"name":"(anonymous_4)","decl":{"start":{"line":33,"column":38},"end":{"line":33,"column":43}},"loc":{"start":{"line":33,"column":63},"end":{"line":39,"column":5}}},"5":{"name":"(anonymous_5)","decl":{"start":{"line":42,"column":41},"end":{"line":42,"column":46}},"loc":{"start":{"line":42,"column":66},"end":{"line":48,"column":5}}}},"branchMap":{},"s":{"0":1,"1":1,"2":1,"3":0,"4":0,"5":0,"6":1,"7":0,"8":0,"9":0,"10":1,"11":0,"12":0,"13":0,"14":1,"15":0,"16":0,"17":0,"18":1,"19":0,"20":0,"21":0,"22":1},"f":{"0":1,"1":0,"2":0,"3":0,"4":0,"5":0},"b":{}}
,"/home/charles/Documents/Teach2Give/DrizzleORM/src/reservation/reservation.service.ts": {"path":"/home/charles/Documents/Teach2Give/DrizzleORM/src/reservation/reservation.service.ts","statementMap":{"0":{"start":{"line":1,"column":0},"end":{"line":1,"column":33}},"1":{"start":{"line":2,"column":0},"end":{"line":2,"column":31}},"2":{"start":{"line":3,"column":0},"end":{"line":3,"column":68}},"3":{"start":{"line":7,"column":39},"end":{"line":13,"column":1}},"4":{"start":{"line":8,"column":22},"end":{"line":8,"column":87}},"5":{"start":{"line":9,"column":4},"end":{"line":11,"column":5}},"6":{"start":{"line":10,"column":8},"end":{"line":10,"column":24}},"7":{"start":{"line":12,"column":4},"end":{"line":12,"column":16}},"8":{"start":{"line":7,"column":13},"end":{"line":7,"column":39}},"9":{"start":{"line":15,"column":41},"end":{"line":20,"column":1}},"10":{"start":{"line":16,"column":24},"end":{"line":18,"column":6}},"11":{"start":{"line":19,"column":4},"end":{"line":19,"column":23}},"12":{"start":{"line":15,"column":13},"end":{"line":15,"column":41}},"13":{"start":{"line":22,"column":37},"end":{"line":25,"column":1}},"14":{"start":{"line":23,"column":25},"end":{"line":23,"column":67}},"15":{"start":{"line":24,"column":4},"end":{"line":24,"column":24}},"16":{"start":{"line":22,"column":13},"end":{"line":22,"column":37}},"17":{"start":{"line":27,"column":40},"end":{"line":37,"column":1}},"18":{"start":{"line":28,"column":31},"end":{"line":31,"column":20}},"19":{"start":{"line":33,"column":4},"end":{"line":35,"column":5}},"20":{"start":{"line":34,"column":8},"end":{"line":34,"column":20}},"21":{"start":{"line":36,"column":4},"end":{"line":36,"column":46}},"22":{"start":{"line":27,"column":13},"end":{"line":27,"column":40}},"23":{"start":{"line":39,"column":40},"end":{"line":48,"column":1}},"24":{"start":{"line":40,"column":31},"end":{"line":42,"column":20}},"25":{"start":{"line":44,"column":4},"end":{"line":46,"column":5}},"26":{"start":{"line":45,"column":8},"end":{"line":45,"column":20}},"27":{"start":{"line":47,"column":4},"end":{"line":47,"column":46}},"28":{"start":{"line":39,"column":13},"end":{"line":39,"column":40}},"29":{"start":{"line":50,"column":44},"end":{"line":55,"column":1}},"30":{"start":{"line":51,"column":25},"end":{"line":53,"column":6}},"31":{"start":{"line":54,"column":4},"end":{"line":54,"column":24}},"32":{"start":{"line":50,"column":13},"end":{"line":50,"column":44}}},"fnMap":{"0":{"name":"(anonymous_1)","decl":{"start":{"line":7,"column":39},"end":{"line":7,"column":44}},"loc":{"start":{"line":7,"column":74},"end":{"line":13,"column":1}}},"1":{"name":"(anonymous_2)","decl":{"start":{"line":15,"column":41},"end":{"line":15,"column":46}},"loc":{"start":{"line":15,"column":62},"end":{"line":20,"column":1}}},"2":{"name":"(anonymous_3)","decl":{"start":{"line":22,"column":37},"end":{"line":22,"column":42}},"loc":{"start":{"line":22,"column":48},"end":{"line":25,"column":1}}},"3":{"name":"(anonymous_4)","decl":{"start":{"line":27,"column":40},"end":{"line":27,"column":45}},"loc":{"start":{"line":27,"column":89},"end":{"line":37,"column":1}}},"4":{"name":"(anonymous_5)","decl":{"start":{"line":39,"column":40},"end":{"line":39,"column":45}},"loc":{"start":{"line":39,"column":61},"end":{"line":48,"column":1}}},"5":{"name":"(anonymous_6)","decl":{"start":{"line":50,"column":44},"end":{"line":50,"column":49}},"loc":{"start":{"line":50,"column":68},"end":{"line":55,"column":1}}}},"branchMap":{"0":{"loc":{"start":{"line":9,"column":4},"end":{"line":11,"column":5}},"type":"if","locations":[{"start":{"line":9,"column":4},"end":{"line":11,"column":5}}]},"1":{"loc":{"start":{"line":33,"column":4},"end":{"line":35,"column":5}},"type":"if","locations":[{"start":{"line":33,"column":4},"end":{"line":35,"column":5}}]},"2":{"loc":{"start":{"line":44,"column":4},"end":{"line":46,"column":5}},"type":"if","locations":[{"start":{"line":44,"column":4},"end":{"line":46,"column":5}}]}},"s":{"0":1,"1":1,"2":1,"3":1,"4":0,"5":0,"6":0,"7":0,"8":1,"9":1,"10":0,"11":0,"12":1,"13":1,"14":0,"15":0,"16":1,"17":1,"18":0,"19":0,"20":0,"21":0,"22":1,"23":1,"24":0,"25":0,"26":0,"27":0,"28":1,"29":1,"30":0,"31":0,"32":1},"f":{"0":0,"1":0,"2":0,"3":0,"4":0,"5":0},"b":{"0":[0],"1":[0],"2":[0]}}
}
